<?xml version="1.0" encoding="UTF-8"?>
<robot generator="Robot 5.0.1 (Python 3.10.5 on win32)" generated="20220715 20:24:05.132" rpa="false" schemaversion="3">
<suite id="s1" name="Authorization Positive" source="C:\Games\тестовое\test-app\test_cases\authorization\authorization_positive.robot">
<test id="s1-t1" name="successful_authorization" line="11">
<kw name="Start TestCase" library="resources1" type="SETUP">
<kw name="Open Browser" library="SeleniumLibrary">
<arg>${url}</arg>
<arg>${browser_name}</arg>
<doc>Opens a new browser instance to the optional ``url``.</doc>
<msg timestamp="20220715 20:24:05.516" level="INFO">Opening browser 'Chrome' to base url 'http://localhost:8080/#/login'.</msg>
<status status="PASS" starttime="20220715 20:24:05.515" endtime="20220715 20:24:07.531"/>
</kw>
<kw name="Maximize Browser Window" library="SeleniumLibrary">
<doc>Maximizes current browser window.</doc>
<status status="PASS" starttime="20220715 20:24:07.531" endtime="20220715 20:24:07.677"/>
</kw>
<status status="PASS" starttime="20220715 20:24:05.514" endtime="20220715 20:24:07.678"/>
</kw>
<kw name="Login to Webpage" library="resources1">
<arg>${user}</arg>
<arg>${password}</arg>
<kw name="Input Text" library="SeleniumLibrary">
<arg>//*[@type='text']</arg>
<arg>${user_name}</arg>
<doc>Types the given ``text`` into the text field identified by ``locator``.</doc>
<msg timestamp="20220715 20:24:07.682" level="INFO">Typing text 'test' into text field '//*[@type='text']'.</msg>
<status status="PASS" starttime="20220715 20:24:07.680" endtime="20220715 20:24:07.809"/>
</kw>
<kw name="Input Password" library="SeleniumLibrary">
<arg>//*[@type='password']</arg>
<arg>${user_password}</arg>
<doc>Types the given password into the text field identified by ``locator``.</doc>
<msg timestamp="20220715 20:24:07.810" level="INFO">Typing password into text field '//*[@type='password']'.</msg>
<msg timestamp="20220715 20:24:07.870" level="INFO">Temporally setting log level to: NONE</msg>
<msg timestamp="20220715 20:24:07.937" level="INFO">Log level changed from NONE to INFO.</msg>
<status status="PASS" starttime="20220715 20:24:07.809" endtime="20220715 20:24:07.937"/>
</kw>
<kw name="Click Button" library="SeleniumLibrary">
<arg>//*[@class='md-button md-raised md-primary md-theme-default']</arg>
<doc>Clicks the button identified by ``locator``.</doc>
<msg timestamp="20220715 20:24:07.937" level="INFO">Clicking button '//*[@class='md-button md-raised md-primary md-theme-default']'.</msg>
<status status="PASS" starttime="20220715 20:24:07.937" endtime="20220715 20:24:08.025"/>
</kw>
<kw name="Wait Until Element Is Visible" library="SeleniumLibrary">
<arg>//*[text()='add']/ancestor::button</arg>
<doc>Waits until the element ``locator`` is visible.</doc>
<status status="PASS" starttime="20220715 20:24:08.025" endtime="20220715 20:24:08.348"/>
</kw>
<kw name="Location Should Be" library="SeleniumLibrary">
<arg>http://localhost:8080/#/home</arg>
<doc>Verifies that the current URL is exactly ``url``.</doc>
<msg timestamp="20220715 20:24:08.354" level="INFO">Current location is 'http://localhost:8080/#/home'.</msg>
<status status="PASS" starttime="20220715 20:24:08.349" endtime="20220715 20:24:08.354"/>
</kw>
<status status="PASS" starttime="20220715 20:24:07.679" endtime="20220715 20:24:08.354"/>
</kw>
<kw name="Finish TestCase" library="resources1" type="TEARDOWN">
<kw name="Close Browser" library="SeleniumLibrary">
<doc>Closes the current browser.</doc>
<status status="PASS" starttime="20220715 20:24:08.355" endtime="20220715 20:24:10.540"/>
</kw>
<status status="PASS" starttime="20220715 20:24:08.354" endtime="20220715 20:24:10.541"/>
</kw>
<status status="PASS" starttime="20220715 20:24:05.513" endtime="20220715 20:24:10.541"/>
</test>
<test id="s1-t2" name="show_password" line="16">
<kw name="Start TestCase" library="resources1" type="SETUP">
<kw name="Open Browser" library="SeleniumLibrary">
<arg>${url}</arg>
<arg>${browser_name}</arg>
<doc>Opens a new browser instance to the optional ``url``.</doc>
<msg timestamp="20220715 20:24:10.543" level="INFO">Opening browser 'Chrome' to base url 'http://localhost:8080/#/login'.</msg>
<status status="PASS" starttime="20220715 20:24:10.543" endtime="20220715 20:24:12.475"/>
</kw>
<kw name="Maximize Browser Window" library="SeleniumLibrary">
<doc>Maximizes current browser window.</doc>
<status status="PASS" starttime="20220715 20:24:12.476" endtime="20220715 20:24:12.615"/>
</kw>
<status status="PASS" starttime="20220715 20:24:10.542" endtime="20220715 20:24:12.615"/>
</kw>
<kw name="Click to Eye" library="resources1">
<arg>${password}</arg>
<kw name="Input Password" library="SeleniumLibrary">
<arg>//*[@type='password']</arg>
<arg>${user_password}</arg>
<doc>Types the given password into the text field identified by ``locator``.</doc>
<msg timestamp="20220715 20:24:12.617" level="INFO">Typing password into text field '//*[@type='password']'.</msg>
<msg timestamp="20220715 20:24:12.668" level="INFO">Temporally setting log level to: NONE</msg>
<msg timestamp="20220715 20:24:12.742" level="INFO">Log level changed from NONE to INFO.</msg>
<status status="PASS" starttime="20220715 20:24:12.617" endtime="20220715 20:24:12.742"/>
</kw>
<kw name="Click Button" library="SeleniumLibrary">
<arg>//*[@class='md-button md-icon-button md-dense md-input-action md-toggle-password md-theme-default']</arg>
<doc>Clicks the button identified by ``locator``.</doc>
<msg timestamp="20220715 20:24:12.743" level="INFO">Clicking button '//*[@class='md-button md-icon-button md-dense md-input-action md-toggle-password md-theme-default']'.</msg>
<status status="PASS" starttime="20220715 20:24:12.742" endtime="20220715 20:24:12.829"/>
</kw>
<status status="PASS" starttime="20220715 20:24:12.616" endtime="20220715 20:24:12.830"/>
</kw>
<kw name="Finish TestCase" library="resources1" type="TEARDOWN">
<kw name="Close Browser" library="SeleniumLibrary">
<doc>Closes the current browser.</doc>
<status status="PASS" starttime="20220715 20:24:12.831" endtime="20220715 20:24:14.992"/>
</kw>
<status status="PASS" starttime="20220715 20:24:12.830" endtime="20220715 20:24:14.992"/>
</kw>
<status status="PASS" starttime="20220715 20:24:10.542" endtime="20220715 20:24:14.993"/>
</test>
<status status="PASS" starttime="20220715 20:24:05.144" endtime="20220715 20:24:14.994"/>
</suite>
<statistics>
<total>
<stat pass="2" fail="0" skip="0">All Tests</stat>
</total>
<tag>
</tag>
<suite>
<stat pass="2" fail="0" skip="0" id="s1" name="Authorization Positive">Authorization Positive</stat>
</suite>
</statistics>
<errors>
</errors>
</robot>
