<?xml version="1.0" encoding="UTF-8"?>
<robot generator="Robot 5.0.1 (Python 3.10.5 on win32)" generated="20220706 19:09:21.359" rpa="false" schemaversion="3">
<suite id="s1" name="Navigation" source="C:\Games\тестовое\test-app\test_cases\navigation\navigation.robot">
<test id="s1-t1" name="Test Case_031" line="9">
<kw name="Open Browser and Maximize" library="resources1" type="SETUP">
<arg>${url}</arg>
<arg>${browser_name}</arg>
<kw name="Open Browser" library="SeleniumLibrary">
<arg>${user_url}</arg>
<arg>${user_browser}</arg>
<doc>Opens a new browser instance to the optional ``url``.</doc>
<msg timestamp="20220706 19:09:21.734" level="INFO">Opening browser 'Chrome' to base url 'http://localhost:8080/#/login'.</msg>
<status status="PASS" starttime="20220706 19:09:21.733" endtime="20220706 19:09:23.673"/>
</kw>
<kw name="Maximize Browser Window" library="SeleniumLibrary">
<doc>Maximizes current browser window.</doc>
<status status="PASS" starttime="20220706 19:09:23.673" endtime="20220706 19:09:23.797"/>
</kw>
<kw name="Log" library="BuiltIn">
<arg>Starting test in ${user_browser}</arg>
<doc>Logs the given message with the given level.</doc>
<msg timestamp="20220706 19:09:23.798" level="INFO">Starting test in Chrome</msg>
<status status="PASS" starttime="20220706 19:09:23.797" endtime="20220706 19:09:23.798"/>
</kw>
<kw name="Log" library="BuiltIn">
<arg>Test URL: ${user_url}</arg>
<doc>Logs the given message with the given level.</doc>
<msg timestamp="20220706 19:09:23.799" level="INFO">Test URL: http://localhost:8080/#/login</msg>
<status status="PASS" starttime="20220706 19:09:23.799" endtime="20220706 19:09:23.799"/>
</kw>
<status status="PASS" starttime="20220706 19:09:21.732" endtime="20220706 19:09:23.799"/>
</kw>
<kw name="Login to Webpage" library="resources1">
<arg>${user}</arg>
<arg>${password}</arg>
<kw name="Input Text" library="SeleniumLibrary">
<arg>xpath:/html/body/div/div/div/div[2]/div[1]/input</arg>
<arg>${user_name}</arg>
<doc>Types the given ``text`` into the text field identified by ``locator``.</doc>
<msg timestamp="20220706 19:09:23.802" level="INFO">Typing text 'test' into text field 'xpath:/html/body/div/div/div/div[2]/div[1]/input'.</msg>
<status status="PASS" starttime="20220706 19:09:23.801" endtime="20220706 19:09:23.920"/>
</kw>
<kw name="Input Password" library="SeleniumLibrary">
<arg>xpath:/html/body/div/div/div/div[2]/div[2]/input</arg>
<arg>${user_password}</arg>
<doc>Types the given password into the text field identified by ``locator``.</doc>
<msg timestamp="20220706 19:09:23.921" level="INFO">Typing password into text field 'xpath:/html/body/div/div/div/div[2]/div[2]/input'.</msg>
<msg timestamp="20220706 19:09:23.966" level="INFO">Temporally setting log level to: NONE</msg>
<msg timestamp="20220706 19:09:24.018" level="INFO">Log level changed from NONE to INFO.</msg>
<status status="PASS" starttime="20220706 19:09:23.921" endtime="20220706 19:09:24.018"/>
</kw>
<kw name="Click Button" library="SeleniumLibrary">
<arg>xpath:/html/body/div/div/div/div[3]/button</arg>
<doc>Clicks the button identified by ``locator``.</doc>
<msg timestamp="20220706 19:09:24.019" level="INFO">Clicking button 'xpath:/html/body/div/div/div/div[3]/button'.</msg>
<status status="PASS" starttime="20220706 19:09:24.018" endtime="20220706 19:09:24.088"/>
</kw>
<kw name="Sleep" library="BuiltIn">
<arg>1</arg>
<doc>Pauses the test executed for the given time.</doc>
<msg timestamp="20220706 19:09:25.104" level="INFO">Slept 1 second</msg>
<status status="PASS" starttime="20220706 19:09:24.089" endtime="20220706 19:09:25.104"/>
</kw>
<kw name="Location Should Be" library="SeleniumLibrary">
<arg>http://localhost:8080/#/home</arg>
<doc>Verifies that the current URL is exactly ``url``.</doc>
<msg timestamp="20220706 19:09:25.109" level="INFO">Current location is 'http://localhost:8080/#/home'.</msg>
<status status="PASS" starttime="20220706 19:09:25.104" endtime="20220706 19:09:25.109"/>
</kw>
<status status="PASS" starttime="20220706 19:09:23.800" endtime="20220706 19:09:25.109"/>
</kw>
<kw name="Click Button" library="SeleniumLibrary">
<arg>xpath:/html/body/div/div/div/main/div[1]/div/button[1]</arg>
<doc>Clicks the button identified by ``locator``.</doc>
<msg timestamp="20220706 19:09:25.110" level="INFO">Clicking button 'xpath:/html/body/div/div/div/main/div[1]/div/button[1]'.</msg>
<status status="PASS" starttime="20220706 19:09:25.109" endtime="20220706 19:09:25.173"/>
</kw>
<kw name="Sleep" library="BuiltIn">
<arg>2</arg>
<doc>Pauses the test executed for the given time.</doc>
<msg timestamp="20220706 19:09:27.181" level="INFO">Slept 2 seconds</msg>
<status status="PASS" starttime="20220706 19:09:25.174" endtime="20220706 19:09:27.181"/>
</kw>
<kw name="Click Button" library="SeleniumLibrary">
<arg>xpath:/html/body/div/div/div/div[1]/ul/li[2]/button</arg>
<doc>Clicks the button identified by ``locator``.</doc>
<msg timestamp="20220706 19:09:27.182" level="INFO">Clicking button 'xpath:/html/body/div/div/div/div[1]/ul/li[2]/button'.</msg>
<status status="PASS" starttime="20220706 19:09:27.182" endtime="20220706 19:09:27.261"/>
</kw>
<kw name="Location Should Be" library="SeleniumLibrary">
<arg>http://localhost:8080/#/about</arg>
<doc>Verifies that the current URL is exactly ``url``.</doc>
<msg timestamp="20220706 19:09:27.302" level="INFO">Current location is 'http://localhost:8080/#/about'.</msg>
<status status="PASS" starttime="20220706 19:09:27.261" endtime="20220706 19:09:27.302"/>
</kw>
<kw name="Close Browser and log" library="resources1" type="TEARDOWN">
<kw name="Close Browser" library="SeleniumLibrary">
<doc>Closes the current browser.</doc>
<status status="PASS" starttime="20220706 19:09:27.304" endtime="20220706 19:09:29.530"/>
</kw>
<kw name="Log" library="BuiltIn">
<arg>Finished test.</arg>
<doc>Logs the given message with the given level.</doc>
<msg timestamp="20220706 19:09:29.530" level="INFO">Finished test.</msg>
<status status="PASS" starttime="20220706 19:09:29.530" endtime="20220706 19:09:29.531"/>
</kw>
<status status="PASS" starttime="20220706 19:09:27.303" endtime="20220706 19:09:29.531"/>
</kw>
<status status="PASS" starttime="20220706 19:09:21.731" endtime="20220706 19:09:29.531"/>
</test>
<test id="s1-t2" name="Test Case_032" line="18">
<kw name="Open Browser and Maximize" library="resources1" type="SETUP">
<arg>${url}</arg>
<arg>${browser_name}</arg>
<kw name="Open Browser" library="SeleniumLibrary">
<arg>${user_url}</arg>
<arg>${user_browser}</arg>
<doc>Opens a new browser instance to the optional ``url``.</doc>
<msg timestamp="20220706 19:09:29.533" level="INFO">Opening browser 'Chrome' to base url 'http://localhost:8080/#/login'.</msg>
<status status="PASS" starttime="20220706 19:09:29.533" endtime="20220706 19:09:31.517"/>
</kw>
<kw name="Maximize Browser Window" library="SeleniumLibrary">
<doc>Maximizes current browser window.</doc>
<status status="PASS" starttime="20220706 19:09:31.518" endtime="20220706 19:09:31.648"/>
</kw>
<kw name="Log" library="BuiltIn">
<arg>Starting test in ${user_browser}</arg>
<doc>Logs the given message with the given level.</doc>
<msg timestamp="20220706 19:09:31.649" level="INFO">Starting test in Chrome</msg>
<status status="PASS" starttime="20220706 19:09:31.648" endtime="20220706 19:09:31.649"/>
</kw>
<kw name="Log" library="BuiltIn">
<arg>Test URL: ${user_url}</arg>
<doc>Logs the given message with the given level.</doc>
<msg timestamp="20220706 19:09:31.649" level="INFO">Test URL: http://localhost:8080/#/login</msg>
<status status="PASS" starttime="20220706 19:09:31.649" endtime="20220706 19:09:31.649"/>
</kw>
<status status="PASS" starttime="20220706 19:09:29.532" endtime="20220706 19:09:31.650"/>
</kw>
<kw name="Login to Webpage" library="resources1">
<arg>${user}</arg>
<arg>${password}</arg>
<kw name="Input Text" library="SeleniumLibrary">
<arg>xpath:/html/body/div/div/div/div[2]/div[1]/input</arg>
<arg>${user_name}</arg>
<doc>Types the given ``text`` into the text field identified by ``locator``.</doc>
<msg timestamp="20220706 19:09:31.651" level="INFO">Typing text 'test' into text field 'xpath:/html/body/div/div/div/div[2]/div[1]/input'.</msg>
<status status="PASS" starttime="20220706 19:09:31.651" endtime="20220706 19:09:31.768"/>
</kw>
<kw name="Input Password" library="SeleniumLibrary">
<arg>xpath:/html/body/div/div/div/div[2]/div[2]/input</arg>
<arg>${user_password}</arg>
<doc>Types the given password into the text field identified by ``locator``.</doc>
<msg timestamp="20220706 19:09:31.768" level="INFO">Typing password into text field 'xpath:/html/body/div/div/div/div[2]/div[2]/input'.</msg>
<msg timestamp="20220706 19:09:31.821" level="INFO">Temporally setting log level to: NONE</msg>
<msg timestamp="20220706 19:09:31.884" level="INFO">Log level changed from NONE to INFO.</msg>
<status status="PASS" starttime="20220706 19:09:31.768" endtime="20220706 19:09:31.884"/>
</kw>
<kw name="Click Button" library="SeleniumLibrary">
<arg>xpath:/html/body/div/div/div/div[3]/button</arg>
<doc>Clicks the button identified by ``locator``.</doc>
<msg timestamp="20220706 19:09:31.885" level="INFO">Clicking button 'xpath:/html/body/div/div/div/div[3]/button'.</msg>
<status status="PASS" starttime="20220706 19:09:31.885" endtime="20220706 19:09:31.966"/>
</kw>
<kw name="Sleep" library="BuiltIn">
<arg>1</arg>
<doc>Pauses the test executed for the given time.</doc>
<msg timestamp="20220706 19:09:32.975" level="INFO">Slept 1 second</msg>
<status status="PASS" starttime="20220706 19:09:31.966" endtime="20220706 19:09:32.975"/>
</kw>
<kw name="Location Should Be" library="SeleniumLibrary">
<arg>http://localhost:8080/#/home</arg>
<doc>Verifies that the current URL is exactly ``url``.</doc>
<msg timestamp="20220706 19:09:32.980" level="INFO">Current location is 'http://localhost:8080/#/home'.</msg>
<status status="PASS" starttime="20220706 19:09:32.976" endtime="20220706 19:09:32.980"/>
</kw>
<status status="PASS" starttime="20220706 19:09:31.650" endtime="20220706 19:09:32.980"/>
</kw>
<kw name="Click Button" library="SeleniumLibrary">
<arg>xpath:/html/body/div/div/div/main/div[1]/div/button[1]</arg>
<doc>Clicks the button identified by ``locator``.</doc>
<msg timestamp="20220706 19:09:32.981" level="INFO">Clicking button 'xpath:/html/body/div/div/div/main/div[1]/div/button[1]'.</msg>
<status status="PASS" starttime="20220706 19:09:32.981" endtime="20220706 19:09:33.047"/>
</kw>
<kw name="Sleep" library="BuiltIn">
<arg>2</arg>
<doc>Pauses the test executed for the given time.</doc>
<msg timestamp="20220706 19:09:35.055" level="INFO">Slept 2 seconds</msg>
<status status="PASS" starttime="20220706 19:09:33.048" endtime="20220706 19:09:35.055"/>
</kw>
<kw name="Click Button" library="SeleniumLibrary">
<arg>xpath:/html/body/div/div/div/div[1]/ul/li[3]/button</arg>
<doc>Clicks the button identified by ``locator``.</doc>
<msg timestamp="20220706 19:09:35.056" level="INFO">Clicking button 'xpath:/html/body/div/div/div/div[1]/ul/li[3]/button'.</msg>
<status status="PASS" starttime="20220706 19:09:35.055" endtime="20220706 19:09:35.155"/>
</kw>
<kw name="Close Browser and log" library="resources1" type="TEARDOWN">
<kw name="Close Browser" library="SeleniumLibrary">
<doc>Closes the current browser.</doc>
<status status="PASS" starttime="20220706 19:09:35.157" endtime="20220706 19:09:37.375"/>
</kw>
<kw name="Log" library="BuiltIn">
<arg>Finished test.</arg>
<doc>Logs the given message with the given level.</doc>
<msg timestamp="20220706 19:09:37.376" level="INFO">Finished test.</msg>
<status status="PASS" starttime="20220706 19:09:37.376" endtime="20220706 19:09:37.376"/>
</kw>
<status status="PASS" starttime="20220706 19:09:35.156" endtime="20220706 19:09:37.376"/>
</kw>
<status status="PASS" starttime="20220706 19:09:29.532" endtime="20220706 19:09:37.376"/>
</test>
<status status="PASS" starttime="20220706 19:09:21.361" endtime="20220706 19:09:37.377"/>
</suite>
<statistics>
<total>
<stat pass="2" fail="0" skip="0">All Tests</stat>
</total>
<tag>
</tag>
<suite>
<stat pass="2" fail="0" skip="0" id="s1" name="Navigation">Navigation</stat>
</suite>
</statistics>
<errors>
</errors>
</robot>
