<?xml version="1.0" encoding="UTF-8"?>
<robot generator="Robot 5.0.1 (Python 3.10.5 on win32)" generated="20220717 00:37:21.827" rpa="false" schemaversion="3">
<suite id="s1" name="Navigation" source="C:\Games\тестовое\test-app\test_cases\navigation\navigation.robot">
<test id="s1-t1" name="go_from_home_in_about" line="11">
<kw name="Start TestCase" library="resources1" type="SETUP">
<kw name="Open Browser" library="SeleniumLibrary">
<arg>${url}</arg>
<arg>${browser_name}</arg>
<doc>Opens a new browser instance to the optional ``url``.</doc>
<msg timestamp="20220717 00:37:22.206" level="INFO">Opening browser 'Chrome' to base url 'http://localhost:8080/#/login'.</msg>
<status status="PASS" starttime="20220717 00:37:22.205" endtime="20220717 00:37:24.222"/>
</kw>
<kw name="Maximize Browser Window" library="SeleniumLibrary">
<doc>Maximizes current browser window.</doc>
<status status="PASS" starttime="20220717 00:37:24.222" endtime="20220717 00:37:24.356"/>
</kw>
<status status="PASS" starttime="20220717 00:37:22.204" endtime="20220717 00:37:24.356"/>
</kw>
<kw name="Login to Webpage" library="resources1">
<arg>${user}</arg>
<arg>${password}</arg>
<kw name="Input Text" library="SeleniumLibrary">
<arg>//*[@type='text']</arg>
<arg>${user_name}</arg>
<doc>Types the given ``text`` into the text field identified by ``locator``.</doc>
<msg timestamp="20220717 00:37:24.361" level="INFO">Typing text 'test' into text field '//*[@type='text']'.</msg>
<status status="PASS" starttime="20220717 00:37:24.359" endtime="20220717 00:37:24.492"/>
</kw>
<kw name="Input Password" library="SeleniumLibrary">
<arg>//*[@type='password']</arg>
<arg>${user_password}</arg>
<doc>Types the given password into the text field identified by ``locator``.</doc>
<msg timestamp="20220717 00:37:24.493" level="INFO">Typing password into text field '//*[@type='password']'.</msg>
<msg timestamp="20220717 00:37:24.548" level="INFO">Temporally setting log level to: NONE</msg>
<msg timestamp="20220717 00:37:24.614" level="INFO">Log level changed from NONE to INFO.</msg>
<status status="PASS" starttime="20220717 00:37:24.492" endtime="20220717 00:37:24.615"/>
</kw>
<kw name="Click Button" library="SeleniumLibrary">
<arg>//*[@class='md-button md-raised md-primary md-theme-default']</arg>
<doc>Clicks the button identified by ``locator``.</doc>
<msg timestamp="20220717 00:37:24.615" level="INFO">Clicking button '//*[@class='md-button md-raised md-primary md-theme-default']'.</msg>
<status status="PASS" starttime="20220717 00:37:24.615" endtime="20220717 00:37:24.691"/>
</kw>
<kw name="Wait Until Element Is Visible" library="SeleniumLibrary">
<arg>//*[text()='add']/ancestor::button</arg>
<doc>Waits until the element ``locator`` is visible.</doc>
<status status="PASS" starttime="20220717 00:37:24.692" endtime="20220717 00:37:24.939"/>
</kw>
<kw name="Location Should Be" library="SeleniumLibrary">
<arg>http://localhost:8080/#/home</arg>
<doc>Verifies that the current URL is exactly ``url``.</doc>
<msg timestamp="20220717 00:37:24.946" level="INFO">Current location is 'http://localhost:8080/#/home'.</msg>
<status status="PASS" starttime="20220717 00:37:24.939" endtime="20220717 00:37:24.946"/>
</kw>
<status status="PASS" starttime="20220717 00:37:24.358" endtime="20220717 00:37:24.947"/>
</kw>
<kw name="Go About" library="resources1">
<kw name="Click Button" library="SeleniumLibrary">
<arg>//*[text()='menu']/ancestor::button</arg>
<doc>Clicks the button identified by ``locator``.</doc>
<msg timestamp="20220717 00:37:24.947" level="INFO">Clicking button '//*[text()='menu']/ancestor::button'.</msg>
<status status="PASS" starttime="20220717 00:37:24.947" endtime="20220717 00:37:25.021"/>
</kw>
<kw name="Wait Until Element Is Visible" library="SeleniumLibrary">
<arg>//*[text()='info']/ancestor::button</arg>
<doc>Waits until the element ``locator`` is visible.</doc>
<status status="PASS" starttime="20220717 00:37:25.021" endtime="20220717 00:37:25.050"/>
</kw>
<kw name="Click Button" library="SeleniumLibrary">
<arg>//*[text()='info']/ancestor::button</arg>
<doc>Clicks the button identified by ``locator``.</doc>
<msg timestamp="20220717 00:37:25.050" level="INFO">Clicking button '//*[text()='info']/ancestor::button'.</msg>
<status status="PASS" starttime="20220717 00:37:25.050" endtime="20220717 00:37:25.134"/>
</kw>
<kw name="Location Should Be" library="SeleniumLibrary">
<arg>http://localhost:8080/#/about</arg>
<doc>Verifies that the current URL is exactly ``url``.</doc>
<msg timestamp="20220717 00:37:25.159" level="INFO">Current location is 'http://localhost:8080/#/about'.</msg>
<status status="PASS" starttime="20220717 00:37:25.134" endtime="20220717 00:37:25.160"/>
</kw>
<status status="PASS" starttime="20220717 00:37:24.947" endtime="20220717 00:37:25.160"/>
</kw>
<kw name="Close Browser" library="SeleniumLibrary" type="TEARDOWN">
<doc>Closes the current browser.</doc>
<status status="PASS" starttime="20220717 00:37:25.161" endtime="20220717 00:37:27.323"/>
</kw>
<status status="PASS" starttime="20220717 00:37:22.203" endtime="20220717 00:37:27.324"/>
</test>
<test id="s1-t2" name="go_from_home_in_github" line="15">
<kw name="Start TestCase" library="resources1" type="SETUP">
<kw name="Open Browser" library="SeleniumLibrary">
<arg>${url}</arg>
<arg>${browser_name}</arg>
<doc>Opens a new browser instance to the optional ``url``.</doc>
<msg timestamp="20220717 00:37:27.326" level="INFO">Opening browser 'Chrome' to base url 'http://localhost:8080/#/login'.</msg>
<status status="PASS" starttime="20220717 00:37:27.326" endtime="20220717 00:37:29.125"/>
</kw>
<kw name="Maximize Browser Window" library="SeleniumLibrary">
<doc>Maximizes current browser window.</doc>
<status status="PASS" starttime="20220717 00:37:29.125" endtime="20220717 00:37:29.244"/>
</kw>
<status status="PASS" starttime="20220717 00:37:27.326" endtime="20220717 00:37:29.244"/>
</kw>
<kw name="Login to Webpage" library="resources1">
<arg>${user}</arg>
<arg>${password}</arg>
<kw name="Input Text" library="SeleniumLibrary">
<arg>//*[@type='text']</arg>
<arg>${user_name}</arg>
<doc>Types the given ``text`` into the text field identified by ``locator``.</doc>
<msg timestamp="20220717 00:37:29.245" level="INFO">Typing text 'test' into text field '//*[@type='text']'.</msg>
<status status="PASS" starttime="20220717 00:37:29.245" endtime="20220717 00:37:29.336"/>
</kw>
<kw name="Input Password" library="SeleniumLibrary">
<arg>//*[@type='password']</arg>
<arg>${user_password}</arg>
<doc>Types the given password into the text field identified by ``locator``.</doc>
<msg timestamp="20220717 00:37:29.337" level="INFO">Typing password into text field '//*[@type='password']'.</msg>
<msg timestamp="20220717 00:37:29.400" level="INFO">Temporally setting log level to: NONE</msg>
<msg timestamp="20220717 00:37:29.469" level="INFO">Log level changed from NONE to INFO.</msg>
<status status="PASS" starttime="20220717 00:37:29.337" endtime="20220717 00:37:29.469"/>
</kw>
<kw name="Click Button" library="SeleniumLibrary">
<arg>//*[@class='md-button md-raised md-primary md-theme-default']</arg>
<doc>Clicks the button identified by ``locator``.</doc>
<msg timestamp="20220717 00:37:29.470" level="INFO">Clicking button '//*[@class='md-button md-raised md-primary md-theme-default']'.</msg>
<status status="PASS" starttime="20220717 00:37:29.469" endtime="20220717 00:37:29.539"/>
</kw>
<kw name="Wait Until Element Is Visible" library="SeleniumLibrary">
<arg>//*[text()='add']/ancestor::button</arg>
<doc>Waits until the element ``locator`` is visible.</doc>
<status status="PASS" starttime="20220717 00:37:29.539" endtime="20220717 00:37:29.776"/>
</kw>
<kw name="Location Should Be" library="SeleniumLibrary">
<arg>http://localhost:8080/#/home</arg>
<doc>Verifies that the current URL is exactly ``url``.</doc>
<msg timestamp="20220717 00:37:29.781" level="INFO">Current location is 'http://localhost:8080/#/home'.</msg>
<status status="PASS" starttime="20220717 00:37:29.777" endtime="20220717 00:37:29.781"/>
</kw>
<status status="PASS" starttime="20220717 00:37:29.244" endtime="20220717 00:37:29.781"/>
</kw>
<kw name="Go Github" library="resources1">
<kw name="Click Button" library="SeleniumLibrary">
<arg>//*[text()='menu']/ancestor::button</arg>
<doc>Clicks the button identified by ``locator``.</doc>
<msg timestamp="20220717 00:37:29.782" level="INFO">Clicking button '//*[text()='menu']/ancestor::button'.</msg>
<status status="PASS" starttime="20220717 00:37:29.782" endtime="20220717 00:37:29.848"/>
</kw>
<kw name="Wait Until Element Is Visible" library="SeleniumLibrary">
<arg>//*[text()='GitHub']/ancestor::button</arg>
<doc>Waits until the element ``locator`` is visible.</doc>
<status status="PASS" starttime="20220717 00:37:29.848" endtime="20220717 00:37:29.882"/>
</kw>
<kw name="Click Button" library="SeleniumLibrary">
<arg>//*[text()='GitHub']/ancestor::button</arg>
<doc>Clicks the button identified by ``locator``.</doc>
<msg timestamp="20220717 00:37:29.883" level="INFO">Clicking button '//*[text()='GitHub']/ancestor::button'.</msg>
<status status="PASS" starttime="20220717 00:37:29.882" endtime="20220717 00:37:29.967"/>
</kw>
<status status="PASS" starttime="20220717 00:37:29.782" endtime="20220717 00:37:29.967"/>
</kw>
<kw name="Close Browser" library="SeleniumLibrary" type="TEARDOWN">
<doc>Closes the current browser.</doc>
<status status="PASS" starttime="20220717 00:37:29.969" endtime="20220717 00:37:32.164"/>
</kw>
<status status="PASS" starttime="20220717 00:37:27.325" endtime="20220717 00:37:32.165"/>
</test>
<status status="PASS" starttime="20220717 00:37:21.837" endtime="20220717 00:37:32.166"/>
</suite>
<statistics>
<total>
<stat pass="2" fail="0" skip="0">All Tests</stat>
</total>
<tag>
</tag>
<suite>
<stat pass="2" fail="0" skip="0" id="s1" name="Navigation">Navigation</stat>
</suite>
</statistics>
<errors>
</errors>
</robot>
