<?xml version="1.0" encoding="UTF-8"?>
<robot generator="Robot 5.0.1 (Python 3.10.5 on win32)" generated="20220710 02:48:51.681" rpa="false" schemaversion="3">
<suite id="s1" name="Second Checks" source="C:\Games\тестовое\test-app\test_cases\form\second_checks.robot">
<test id="s1-t1" name="Test Case_014" line="12">
<kw name="Open Browser and Maximize" library="resources1" type="SETUP">
<arg>${url}</arg>
<arg>${browser_name}</arg>
<kw name="Open Browser" library="SeleniumLibrary">
<arg>${user_url}</arg>
<arg>${user_browser}</arg>
<doc>Opens a new browser instance to the optional ``url``.</doc>
<msg timestamp="20220710 02:48:52.071" level="INFO">Opening browser 'Chrome' to base url 'http://localhost:8080/#/login'.</msg>
<status status="PASS" starttime="20220710 02:48:52.071" endtime="20220710 02:48:54.273"/>
</kw>
<kw name="Maximize Browser Window" library="SeleniumLibrary">
<doc>Maximizes current browser window.</doc>
<status status="PASS" starttime="20220710 02:48:54.273" endtime="20220710 02:48:54.404"/>
</kw>
<kw name="Log" library="BuiltIn">
<arg>Starting test in ${user_browser}</arg>
<doc>Logs the given message with the given level.</doc>
<msg timestamp="20220710 02:48:54.404" level="INFO">Starting test in Chrome</msg>
<status status="PASS" starttime="20220710 02:48:54.404" endtime="20220710 02:48:54.404"/>
</kw>
<kw name="Log" library="BuiltIn">
<arg>Test URL: ${user_url}</arg>
<doc>Logs the given message with the given level.</doc>
<msg timestamp="20220710 02:48:54.404" level="INFO">Test URL: http://localhost:8080/#/login</msg>
<status status="PASS" starttime="20220710 02:48:54.404" endtime="20220710 02:48:54.404"/>
</kw>
<status status="PASS" starttime="20220710 02:48:52.071" endtime="20220710 02:48:54.404"/>
</kw>
<kw name="Login to Webpage" library="resources1">
<arg>${user}</arg>
<arg>${password}</arg>
<kw name="Input Text" library="SeleniumLibrary">
<arg>xpath:/html/body/div/div/div/div[2]/div[1]/input</arg>
<arg>${user_name}</arg>
<doc>Types the given ``text`` into the text field identified by ``locator``.</doc>
<msg timestamp="20220710 02:48:54.420" level="INFO">Typing text 'test' into text field 'xpath:/html/body/div/div/div/div[2]/div[1]/input'.</msg>
<status status="PASS" starttime="20220710 02:48:54.404" endtime="20220710 02:48:54.608"/>
</kw>
<kw name="Input Password" library="SeleniumLibrary">
<arg>xpath:/html/body/div/div/div/div[2]/div[2]/input</arg>
<arg>${user_password}</arg>
<doc>Types the given password into the text field identified by ``locator``.</doc>
<msg timestamp="20220710 02:48:54.608" level="INFO">Typing password into text field 'xpath:/html/body/div/div/div/div[2]/div[2]/input'.</msg>
<msg timestamp="20220710 02:48:54.710" level="INFO">Temporally setting log level to: NONE</msg>
<msg timestamp="20220710 02:48:54.812" level="INFO">Log level changed from NONE to INFO.</msg>
<status status="PASS" starttime="20220710 02:48:54.608" endtime="20220710 02:48:54.812"/>
</kw>
<kw name="Click Button" library="SeleniumLibrary">
<arg>xpath:/html/body/div/div/div/div[3]/button</arg>
<doc>Clicks the button identified by ``locator``.</doc>
<msg timestamp="20220710 02:48:54.812" level="INFO">Clicking button 'xpath:/html/body/div/div/div/div[3]/button'.</msg>
<status status="PASS" starttime="20220710 02:48:54.812" endtime="20220710 02:48:54.958"/>
</kw>
<kw name="Sleep" library="BuiltIn">
<arg>1</arg>
<doc>Pauses the test executed for the given time.</doc>
<msg timestamp="20220710 02:48:55.975" level="INFO">Slept 1 second</msg>
<status status="PASS" starttime="20220710 02:48:54.959" endtime="20220710 02:48:55.975"/>
</kw>
<kw name="Location Should Be" library="SeleniumLibrary">
<arg>http://localhost:8080/#/home</arg>
<doc>Verifies that the current URL is exactly ``url``.</doc>
<msg timestamp="20220710 02:48:55.975" level="INFO">Current location is 'http://localhost:8080/#/home'.</msg>
<status status="PASS" starttime="20220710 02:48:55.975" endtime="20220710 02:48:55.975"/>
</kw>
<kw name="Log" library="BuiltIn">
<arg>login successful</arg>
<doc>Logs the given message with the given level.</doc>
<msg timestamp="20220710 02:48:55.975" level="INFO">login successful</msg>
<status status="PASS" starttime="20220710 02:48:55.975" endtime="20220710 02:48:55.975"/>
</kw>
<status status="PASS" starttime="20220710 02:48:54.404" endtime="20220710 02:48:55.975"/>
</kw>
<kw name="Journal Digital" library="resources1">
<arg>${norm_title5}</arg>
<arg>${norm_isbn}</arg>
<kw name="Click Button" library="SeleniumLibrary">
<arg>xpath:/html/body/div/div/button</arg>
<doc>Clicks the button identified by ``locator``.</doc>
<msg timestamp="20220710 02:48:55.975" level="INFO">Clicking button 'xpath:/html/body/div/div/button'.</msg>
<status status="PASS" starttime="20220710 02:48:55.975" endtime="20220710 02:48:56.153"/>
</kw>
<kw name="Input Text" library="SeleniumLibrary">
<arg>xpath:/html/body/div/div/div/main/div[2]/div/div[1]/div[1]/div[1]/input</arg>
<arg>${title}</arg>
<doc>Types the given ``text`` into the text field identified by ``locator``.</doc>
<msg timestamp="20220710 02:48:56.154" level="INFO">Typing text 'test_5' into text field 'xpath:/html/body/div/div/div/main/div[2]/div/div[1]/div[1]/div[1]/input'.</msg>
<status status="PASS" starttime="20220710 02:48:56.154" endtime="20220710 02:48:56.359"/>
</kw>
<kw name="Input Text" library="SeleniumLibrary">
<arg>xpath:/html/body/div/div/div/main/div[2]/div/div[1]/div[1]/div[2]/input</arg>
<arg>${isbn}</arg>
<doc>Types the given ``text`` into the text field identified by ``locator``.</doc>
<msg timestamp="20220710 02:48:56.360" level="INFO">Typing text '978-5-05-000140-2' into text field 'xpath:/html/body/div/div/div/main/div[2]/div/div[1]/div[1]/div[2]/input'.</msg>
<status status="PASS" starttime="20220710 02:48:56.359" endtime="20220710 02:48:56.539"/>
</kw>
<kw name="Click Button" library="SeleniumLibrary">
<arg>xpath:/html/body/div/div/div/main/div[2]/div/div[1]/div[1]/div[3]/div/input[1]</arg>
<doc>Clicks the button identified by ``locator``.</doc>
<msg timestamp="20220710 02:48:56.540" level="INFO">Clicking button 'xpath:/html/body/div/div/div/main/div[2]/div/div[1]/div[1]/div[3]/div/input[1]'.</msg>
<status status="PASS" starttime="20220710 02:48:56.539" endtime="20220710 02:48:56.611"/>
</kw>
<kw name="Click Button" library="SeleniumLibrary">
<arg>xpath:/html/body/div[2]/div/ul/li[2]/button</arg>
<doc>Clicks the button identified by ``locator``.</doc>
<msg timestamp="20220710 02:48:56.611" level="INFO">Clicking button 'xpath:/html/body/div[2]/div/ul/li[2]/button'.</msg>
<status status="PASS" starttime="20220710 02:48:56.611" endtime="20220710 02:48:56.665"/>
</kw>
<kw name="Sleep" library="BuiltIn">
<arg>1</arg>
<doc>Pauses the test executed for the given time.</doc>
<msg timestamp="20220710 02:48:57.692" level="INFO">Slept 1 second</msg>
<status status="PASS" starttime="20220710 02:48:56.665" endtime="20220710 02:48:57.692"/>
</kw>
<kw name="Click Button" library="SeleniumLibrary">
<arg>xpath:/html/body/div/div/div/main/div[2]/div/div[1]/div[1]/div[4]/div/input[1]</arg>
<doc>Clicks the button identified by ``locator``.</doc>
<msg timestamp="20220710 02:48:57.692" level="INFO">Clicking button 'xpath:/html/body/div/div/div/main/div[2]/div/div[1]/div[1]/div[4]/div/input[1]'.</msg>
<status status="PASS" starttime="20220710 02:48:57.692" endtime="20220710 02:48:57.758"/>
</kw>
<kw name="Click Button" library="SeleniumLibrary">
<arg>xpath:/html/body/div[2]/div/ul/li[2]/button</arg>
<doc>Clicks the button identified by ``locator``.</doc>
<msg timestamp="20220710 02:48:57.759" level="INFO">Clicking button 'xpath:/html/body/div[2]/div/ul/li[2]/button'.</msg>
<status status="PASS" starttime="20220710 02:48:57.758" endtime="20220710 02:48:57.829"/>
</kw>
<kw name="Sleep" library="BuiltIn">
<arg>1</arg>
<doc>Pauses the test executed for the given time.</doc>
<msg timestamp="20220710 02:48:58.844" level="INFO">Slept 1 second</msg>
<status status="PASS" starttime="20220710 02:48:57.829" endtime="20220710 02:48:58.844"/>
</kw>
<kw name="Click Button" library="SeleniumLibrary">
<arg>xpath:/html/body/div/div/div/main/div[2]/div/div[1]/div[2]/button[2]</arg>
<doc>Clicks the button identified by ``locator``.</doc>
<msg timestamp="20220710 02:48:58.844" level="INFO">Clicking button 'xpath:/html/body/div/div/div/main/div[2]/div/div[1]/div[2]/button[2]'.</msg>
<status status="PASS" starttime="20220710 02:48:58.844" endtime="20220710 02:48:58.914"/>
</kw>
<kw name="Sleep" library="BuiltIn">
<arg>1</arg>
<doc>Pauses the test executed for the given time.</doc>
<msg timestamp="20220710 02:48:59.926" level="INFO">Slept 1 second</msg>
<status status="PASS" starttime="20220710 02:48:58.914" endtime="20220710 02:48:59.926"/>
</kw>
<kw name="Click Button" library="SeleniumLibrary">
<arg>xpath:/html/body/div[2]/div/div[2]/button[2]</arg>
<doc>Clicks the button identified by ``locator``.</doc>
<msg timestamp="20220710 02:48:59.926" level="INFO">Clicking button 'xpath:/html/body/div[2]/div/div[2]/button[2]'.</msg>
<status status="PASS" starttime="20220710 02:48:59.926" endtime="20220710 02:48:59.992"/>
</kw>
<status status="PASS" starttime="20220710 02:48:55.975" endtime="20220710 02:48:59.992"/>
</kw>
<kw name="Edit" library="resources1">
<arg>${new_t}</arg>
<kw name="Click Button" library="SeleniumLibrary">
<arg>xpath:/html/body/div/div/div/main/div[2]/div/div[1]/div[3]/div/button</arg>
<doc>Clicks the button identified by ``locator``.</doc>
<msg timestamp="20220710 02:48:59.994" level="INFO">Clicking button 'xpath:/html/body/div/div/div/main/div[2]/div/div[1]/div[3]/div/button'.</msg>
<status status="PASS" starttime="20220710 02:48:59.994" endtime="20220710 02:49:00.388"/>
</kw>
<kw name="Sleep" library="BuiltIn">
<arg>5</arg>
<doc>Pauses the test executed for the given time.</doc>
<msg timestamp="20220710 02:49:05.404" level="INFO">Slept 5 seconds</msg>
<status status="PASS" starttime="20220710 02:49:00.388" endtime="20220710 02:49:05.404"/>
</kw>
<kw name="Input Text" library="SeleniumLibrary">
<arg>xpath:/html/body/div/div/div/main/div[2]/div/div[1]/div[1]/div[1]/input</arg>
<arg>${new}</arg>
<doc>Types the given ``text`` into the text field identified by ``locator``.</doc>
<msg timestamp="20220710 02:49:05.404" level="INFO">Typing text 'new_title' into text field 'xpath:/html/body/div/div/div/main/div[2]/div/div[1]/div[1]/div[1]/input'.</msg>
<status status="PASS" starttime="20220710 02:49:05.404" endtime="20220710 02:49:05.533"/>
</kw>
<kw name="Sleep" library="BuiltIn">
<arg>1</arg>
<doc>Pauses the test executed for the given time.</doc>
<msg timestamp="20220710 02:49:06.548" level="INFO">Slept 1 second</msg>
<status status="PASS" starttime="20220710 02:49:05.534" endtime="20220710 02:49:06.548"/>
</kw>
<kw name="Click Button" library="SeleniumLibrary">
<arg>xpath:/html/body/div/div/div/main/div[2]/div/div[1]/div[2]/div/button[2]</arg>
<doc>Clicks the button identified by ``locator``.</doc>
<msg timestamp="20220710 02:49:06.549" level="INFO">Clicking button 'xpath:/html/body/div/div/div/main/div[2]/div/div[1]/div[2]/div/button[2]'.</msg>
<status status="PASS" starttime="20220710 02:49:06.549" endtime="20220710 02:49:06.606"/>
</kw>
<kw name="Sleep" library="BuiltIn">
<arg>1</arg>
<doc>Pauses the test executed for the given time.</doc>
<msg timestamp="20220710 02:49:07.608" level="INFO">Slept 1 second</msg>
<status status="PASS" starttime="20220710 02:49:06.606" endtime="20220710 02:49:07.608"/>
</kw>
<kw name="Click Button" library="SeleniumLibrary">
<arg>xpath:/html/body/div[2]/div/div[2]/button[2]</arg>
<doc>Clicks the button identified by ``locator``.</doc>
<msg timestamp="20220710 02:49:07.608" level="INFO">Clicking button 'xpath:/html/body/div[2]/div/div[2]/button[2]'.</msg>
<status status="PASS" starttime="20220710 02:49:07.608" endtime="20220710 02:49:07.666"/>
</kw>
<status status="PASS" starttime="20220710 02:48:59.993" endtime="20220710 02:49:07.666"/>
</kw>
<kw name="Close Browser and log" library="resources1" type="TEARDOWN">
<kw name="Close Browser" library="SeleniumLibrary">
<doc>Closes the current browser.</doc>
<status status="PASS" starttime="20220710 02:49:07.667" endtime="20220710 02:49:09.949"/>
</kw>
<kw name="Log" library="BuiltIn">
<arg>Finished test.</arg>
<doc>Logs the given message with the given level.</doc>
<msg timestamp="20220710 02:49:09.949" level="INFO">Finished test.</msg>
<status status="PASS" starttime="20220710 02:49:09.949" endtime="20220710 02:49:09.949"/>
</kw>
<status status="PASS" starttime="20220710 02:49:07.667" endtime="20220710 02:49:09.949"/>
</kw>
<status status="PASS" starttime="20220710 02:48:52.071" endtime="20220710 02:49:09.949"/>
</test>
<test id="s1-t2" name="Test Case_015" line="20">
<kw name="Open Browser and Maximize" library="resources1" type="SETUP">
<arg>${url}</arg>
<arg>${browser_name}</arg>
<kw name="Open Browser" library="SeleniumLibrary">
<arg>${user_url}</arg>
<arg>${user_browser}</arg>
<doc>Opens a new browser instance to the optional ``url``.</doc>
<msg timestamp="20220710 02:49:09.949" level="INFO">Opening browser 'Chrome' to base url 'http://localhost:8080/#/login'.</msg>
<status status="PASS" starttime="20220710 02:49:09.949" endtime="20220710 02:49:12.061"/>
</kw>
<kw name="Maximize Browser Window" library="SeleniumLibrary">
<doc>Maximizes current browser window.</doc>
<status status="PASS" starttime="20220710 02:49:12.062" endtime="20220710 02:49:12.192"/>
</kw>
<kw name="Log" library="BuiltIn">
<arg>Starting test in ${user_browser}</arg>
<doc>Logs the given message with the given level.</doc>
<msg timestamp="20220710 02:49:12.192" level="INFO">Starting test in Chrome</msg>
<status status="PASS" starttime="20220710 02:49:12.192" endtime="20220710 02:49:12.192"/>
</kw>
<kw name="Log" library="BuiltIn">
<arg>Test URL: ${user_url}</arg>
<doc>Logs the given message with the given level.</doc>
<msg timestamp="20220710 02:49:12.192" level="INFO">Test URL: http://localhost:8080/#/login</msg>
<status status="PASS" starttime="20220710 02:49:12.192" endtime="20220710 02:49:12.192"/>
</kw>
<status status="PASS" starttime="20220710 02:49:09.949" endtime="20220710 02:49:12.192"/>
</kw>
<kw name="Login to Webpage" library="resources1">
<arg>${user}</arg>
<arg>${password}</arg>
<kw name="Input Text" library="SeleniumLibrary">
<arg>xpath:/html/body/div/div/div/div[2]/div[1]/input</arg>
<arg>${user_name}</arg>
<doc>Types the given ``text`` into the text field identified by ``locator``.</doc>
<msg timestamp="20220710 02:49:12.192" level="INFO">Typing text 'test' into text field 'xpath:/html/body/div/div/div/div[2]/div[1]/input'.</msg>
<status status="PASS" starttime="20220710 02:49:12.192" endtime="20220710 02:49:12.312"/>
</kw>
<kw name="Input Password" library="SeleniumLibrary">
<arg>xpath:/html/body/div/div/div/div[2]/div[2]/input</arg>
<arg>${user_password}</arg>
<doc>Types the given password into the text field identified by ``locator``.</doc>
<msg timestamp="20220710 02:49:12.312" level="INFO">Typing password into text field 'xpath:/html/body/div/div/div/div[2]/div[2]/input'.</msg>
<msg timestamp="20220710 02:49:12.372" level="INFO">Temporally setting log level to: NONE</msg>
<msg timestamp="20220710 02:49:12.434" level="INFO">Log level changed from NONE to INFO.</msg>
<status status="PASS" starttime="20220710 02:49:12.312" endtime="20220710 02:49:12.434"/>
</kw>
<kw name="Click Button" library="SeleniumLibrary">
<arg>xpath:/html/body/div/div/div/div[3]/button</arg>
<doc>Clicks the button identified by ``locator``.</doc>
<msg timestamp="20220710 02:49:12.435" level="INFO">Clicking button 'xpath:/html/body/div/div/div/div[3]/button'.</msg>
<status status="PASS" starttime="20220710 02:49:12.434" endtime="20220710 02:49:12.509"/>
</kw>
<kw name="Sleep" library="BuiltIn">
<arg>1</arg>
<doc>Pauses the test executed for the given time.</doc>
<msg timestamp="20220710 02:49:13.522" level="INFO">Slept 1 second</msg>
<status status="PASS" starttime="20220710 02:49:12.509" endtime="20220710 02:49:13.522"/>
</kw>
<kw name="Location Should Be" library="SeleniumLibrary">
<arg>http://localhost:8080/#/home</arg>
<doc>Verifies that the current URL is exactly ``url``.</doc>
<msg timestamp="20220710 02:49:13.522" level="INFO">Current location is 'http://localhost:8080/#/home'.</msg>
<status status="PASS" starttime="20220710 02:49:13.522" endtime="20220710 02:49:13.522"/>
</kw>
<kw name="Log" library="BuiltIn">
<arg>login successful</arg>
<doc>Logs the given message with the given level.</doc>
<msg timestamp="20220710 02:49:13.522" level="INFO">login successful</msg>
<status status="PASS" starttime="20220710 02:49:13.522" endtime="20220710 02:49:13.522"/>
</kw>
<status status="PASS" starttime="20220710 02:49:12.192" endtime="20220710 02:49:13.522"/>
</kw>
<kw name="Journal Digital" library="resources1">
<arg>${norm_title5}</arg>
<arg>${norm_isbn}</arg>
<kw name="Click Button" library="SeleniumLibrary">
<arg>xpath:/html/body/div/div/button</arg>
<doc>Clicks the button identified by ``locator``.</doc>
<msg timestamp="20220710 02:49:13.522" level="INFO">Clicking button 'xpath:/html/body/div/div/button'.</msg>
<status status="PASS" starttime="20220710 02:49:13.522" endtime="20220710 02:49:13.627"/>
</kw>
<kw name="Input Text" library="SeleniumLibrary">
<arg>xpath:/html/body/div/div/div/main/div[2]/div/div[1]/div[1]/div[1]/input</arg>
<arg>${title}</arg>
<doc>Types the given ``text`` into the text field identified by ``locator``.</doc>
<msg timestamp="20220710 02:49:13.627" level="INFO">Typing text 'test_5' into text field 'xpath:/html/body/div/div/div/main/div[2]/div/div[1]/div[1]/div[1]/input'.</msg>
<status status="PASS" starttime="20220710 02:49:13.627" endtime="20220710 02:49:13.771"/>
</kw>
<kw name="Input Text" library="SeleniumLibrary">
<arg>xpath:/html/body/div/div/div/main/div[2]/div/div[1]/div[1]/div[2]/input</arg>
<arg>${isbn}</arg>
<doc>Types the given ``text`` into the text field identified by ``locator``.</doc>
<msg timestamp="20220710 02:49:13.771" level="INFO">Typing text '978-5-05-000140-2' into text field 'xpath:/html/body/div/div/div/main/div[2]/div/div[1]/div[1]/div[2]/input'.</msg>
<status status="PASS" starttime="20220710 02:49:13.771" endtime="20220710 02:49:13.968"/>
</kw>
<kw name="Click Button" library="SeleniumLibrary">
<arg>xpath:/html/body/div/div/div/main/div[2]/div/div[1]/div[1]/div[3]/div/input[1]</arg>
<doc>Clicks the button identified by ``locator``.</doc>
<msg timestamp="20220710 02:49:13.969" level="INFO">Clicking button 'xpath:/html/body/div/div/div/main/div[2]/div/div[1]/div[1]/div[3]/div/input[1]'.</msg>
<status status="PASS" starttime="20220710 02:49:13.968" endtime="20220710 02:49:14.053"/>
</kw>
<kw name="Click Button" library="SeleniumLibrary">
<arg>xpath:/html/body/div[2]/div/ul/li[2]/button</arg>
<doc>Clicks the button identified by ``locator``.</doc>
<msg timestamp="20220710 02:49:14.053" level="INFO">Clicking button 'xpath:/html/body/div[2]/div/ul/li[2]/button'.</msg>
<status status="PASS" starttime="20220710 02:49:14.053" endtime="20220710 02:49:14.139"/>
</kw>
<kw name="Sleep" library="BuiltIn">
<arg>1</arg>
<doc>Pauses the test executed for the given time.</doc>
<msg timestamp="20220710 02:49:15.152" level="INFO">Slept 1 second</msg>
<status status="PASS" starttime="20220710 02:49:14.139" endtime="20220710 02:49:15.152"/>
</kw>
<kw name="Click Button" library="SeleniumLibrary">
<arg>xpath:/html/body/div/div/div/main/div[2]/div/div[1]/div[1]/div[4]/div/input[1]</arg>
<doc>Clicks the button identified by ``locator``.</doc>
<msg timestamp="20220710 02:49:15.152" level="INFO">Clicking button 'xpath:/html/body/div/div/div/main/div[2]/div/div[1]/div[1]/div[4]/div/input[1]'.</msg>
<status status="PASS" starttime="20220710 02:49:15.152" endtime="20220710 02:49:15.220"/>
</kw>
<kw name="Click Button" library="SeleniumLibrary">
<arg>xpath:/html/body/div[2]/div/ul/li[2]/button</arg>
<doc>Clicks the button identified by ``locator``.</doc>
<msg timestamp="20220710 02:49:15.221" level="INFO">Clicking button 'xpath:/html/body/div[2]/div/ul/li[2]/button'.</msg>
<status status="PASS" starttime="20220710 02:49:15.220" endtime="20220710 02:49:15.292"/>
</kw>
<kw name="Sleep" library="BuiltIn">
<arg>1</arg>
<doc>Pauses the test executed for the given time.</doc>
<msg timestamp="20220710 02:49:16.301" level="INFO">Slept 1 second</msg>
<status status="PASS" starttime="20220710 02:49:15.293" endtime="20220710 02:49:16.301"/>
</kw>
<kw name="Click Button" library="SeleniumLibrary">
<arg>xpath:/html/body/div/div/div/main/div[2]/div/div[1]/div[2]/button[2]</arg>
<doc>Clicks the button identified by ``locator``.</doc>
<msg timestamp="20220710 02:49:16.301" level="INFO">Clicking button 'xpath:/html/body/div/div/div/main/div[2]/div/div[1]/div[2]/button[2]'.</msg>
<status status="PASS" starttime="20220710 02:49:16.301" endtime="20220710 02:49:16.382"/>
</kw>
<kw name="Sleep" library="BuiltIn">
<arg>1</arg>
<doc>Pauses the test executed for the given time.</doc>
<msg timestamp="20220710 02:49:17.386" level="INFO">Slept 1 second</msg>
<status status="PASS" starttime="20220710 02:49:16.382" endtime="20220710 02:49:17.386"/>
</kw>
<kw name="Click Button" library="SeleniumLibrary">
<arg>xpath:/html/body/div[2]/div/div[2]/button[2]</arg>
<doc>Clicks the button identified by ``locator``.</doc>
<msg timestamp="20220710 02:49:17.386" level="INFO">Clicking button 'xpath:/html/body/div[2]/div/div[2]/button[2]'.</msg>
<status status="PASS" starttime="20220710 02:49:17.386" endtime="20220710 02:49:17.453"/>
</kw>
<status status="PASS" starttime="20220710 02:49:13.522" endtime="20220710 02:49:17.453"/>
</kw>
<kw name="Sleep" library="BuiltIn">
<arg>5</arg>
<doc>Pauses the test executed for the given time.</doc>
<msg timestamp="20220710 02:49:22.464" level="INFO">Slept 5 seconds</msg>
<status status="PASS" starttime="20220710 02:49:17.454" endtime="20220710 02:49:22.464"/>
</kw>
<kw name="Delete" library="resources1">
<kw name="Click Button" library="SeleniumLibrary">
<arg>xpath:/html/body/div/div/div/main/div[2]/div/div[1]/div[3]/button</arg>
<doc>Clicks the button identified by ``locator``.</doc>
<msg timestamp="20220710 02:49:22.464" level="INFO">Clicking button 'xpath:/html/body/div/div/div/main/div[2]/div/div[1]/div[3]/button'.</msg>
<status status="PASS" starttime="20220710 02:49:22.464" endtime="20220710 02:49:22.531"/>
</kw>
<kw name="Sleep" library="BuiltIn">
<arg>1</arg>
<doc>Pauses the test executed for the given time.</doc>
<msg timestamp="20220710 02:49:23.533" level="INFO">Slept 1 second</msg>
<status status="PASS" starttime="20220710 02:49:22.531" endtime="20220710 02:49:23.533"/>
</kw>
<kw name="Click Button" library="SeleniumLibrary">
<arg>xpath:/html/body/div[2]/div/div[2]/button[2]</arg>
<doc>Clicks the button identified by ``locator``.</doc>
<msg timestamp="20220710 02:49:23.533" level="INFO">Clicking button 'xpath:/html/body/div[2]/div/div[2]/button[2]'.</msg>
<status status="PASS" starttime="20220710 02:49:23.533" endtime="20220710 02:49:23.585"/>
</kw>
<status status="PASS" starttime="20220710 02:49:22.464" endtime="20220710 02:49:23.586"/>
</kw>
<kw name="Close Browser and log" library="resources1" type="TEARDOWN">
<kw name="Close Browser" library="SeleniumLibrary">
<doc>Closes the current browser.</doc>
<status status="PASS" starttime="20220710 02:49:23.587" endtime="20220710 02:49:25.787"/>
</kw>
<kw name="Log" library="BuiltIn">
<arg>Finished test.</arg>
<doc>Logs the given message with the given level.</doc>
<msg timestamp="20220710 02:49:25.787" level="INFO">Finished test.</msg>
<status status="PASS" starttime="20220710 02:49:25.787" endtime="20220710 02:49:25.787"/>
</kw>
<status status="PASS" starttime="20220710 02:49:23.586" endtime="20220710 02:49:25.787"/>
</kw>
<status status="PASS" starttime="20220710 02:49:09.949" endtime="20220710 02:49:25.787"/>
</test>
<status status="PASS" starttime="20220710 02:48:51.681" endtime="20220710 02:49:25.787"/>
</suite>
<statistics>
<total>
<stat pass="2" fail="0" skip="0">All Tests</stat>
</total>
<tag>
</tag>
<suite>
<stat pass="2" fail="0" skip="0" id="s1" name="Second Checks">Second Checks</stat>
</suite>
</statistics>
<errors>
</errors>
</robot>
