<?xml version="1.0" encoding="UTF-8"?>
<robot generator="Robot 5.0.1 (Python 3.10.5 on win32)" generated="20220715 14:26:40.985" rpa="false" schemaversion="3">
<suite id="s1" name="Search" source="C:\Games\тестовое\test-app\test_cases\search\search.robot">
<test id="s1-t1" name="search" line="9">
<kw name="Start TestCase" library="resources1" type="SETUP">
<kw name="Open Browser" library="SeleniumLibrary">
<arg>${url}</arg>
<arg>${browser_name}</arg>
<doc>Opens a new browser instance to the optional ``url``.</doc>
<msg timestamp="20220715 14:26:41.545" level="INFO">Opening browser 'Chrome' to base url 'http://localhost:8080/#/login'.</msg>
<status status="PASS" starttime="20220715 14:26:41.545" endtime="20220715 14:26:44.329"/>
</kw>
<kw name="Maximize Browser Window" library="SeleniumLibrary">
<doc>Maximizes current browser window.</doc>
<status status="PASS" starttime="20220715 14:26:44.329" endtime="20220715 14:26:44.450"/>
</kw>
<status status="PASS" starttime="20220715 14:26:41.545" endtime="20220715 14:26:44.450"/>
</kw>
<kw name="Login to Webpage" library="resources1">
<arg>${user}</arg>
<arg>${password}</arg>
<kw name="Input Text" library="SeleniumLibrary">
<arg>xpath:/html/body/div/div/div/div[2]/div[1]/input</arg>
<arg>${user_name}</arg>
<doc>Types the given ``text`` into the text field identified by ``locator``.</doc>
<msg timestamp="20220715 14:26:44.454" level="INFO">Typing text 'test' into text field 'xpath:/html/body/div/div/div/div[2]/div[1]/input'.</msg>
<status status="PASS" starttime="20220715 14:26:44.450" endtime="20220715 14:26:44.627"/>
</kw>
<kw name="Input Password" library="SeleniumLibrary">
<arg>xpath:/html/body/div/div/div/div[2]/div[2]/input</arg>
<arg>${user_password}</arg>
<doc>Types the given password into the text field identified by ``locator``.</doc>
<msg timestamp="20220715 14:26:44.627" level="INFO">Typing password into text field 'xpath:/html/body/div/div/div/div[2]/div[2]/input'.</msg>
<msg timestamp="20220715 14:26:44.692" level="INFO">Temporally setting log level to: NONE</msg>
<msg timestamp="20220715 14:26:44.760" level="INFO">Log level changed from NONE to INFO.</msg>
<status status="PASS" starttime="20220715 14:26:44.627" endtime="20220715 14:26:44.760"/>
</kw>
<kw name="Click Button" library="SeleniumLibrary">
<arg>xpath:/html/body/div/div/div/div[3]/button</arg>
<doc>Clicks the button identified by ``locator``.</doc>
<msg timestamp="20220715 14:26:44.760" level="INFO">Clicking button 'xpath:/html/body/div/div/div/div[3]/button'.</msg>
<status status="PASS" starttime="20220715 14:26:44.760" endtime="20220715 14:26:44.844"/>
</kw>
<kw name="Sleep" library="BuiltIn">
<arg>1</arg>
<doc>Pauses the test executed for the given time.</doc>
<msg timestamp="20220715 14:26:45.856" level="INFO">Slept 1 second</msg>
<status status="PASS" starttime="20220715 14:26:44.844" endtime="20220715 14:26:45.856"/>
</kw>
<kw name="Location Should Be" library="SeleniumLibrary">
<arg>http://localhost:8080/#/home</arg>
<doc>Verifies that the current URL is exactly ``url``.</doc>
<msg timestamp="20220715 14:26:45.863" level="INFO">Current location is 'http://localhost:8080/#/home'.</msg>
<status status="PASS" starttime="20220715 14:26:45.856" endtime="20220715 14:26:45.863"/>
</kw>
<kw name="Log" library="BuiltIn">
<arg>login successful</arg>
<doc>Logs the given message with the given level.</doc>
<msg timestamp="20220715 14:26:45.864" level="INFO">login successful</msg>
<status status="PASS" starttime="20220715 14:26:45.863" endtime="20220715 14:26:45.864"/>
</kw>
<status status="PASS" starttime="20220715 14:26:44.450" endtime="20220715 14:26:45.864"/>
</kw>
<kw name="Technical Physical" library="resources1">
<arg>${norm_title}</arg>
<arg>${norm_isbn}</arg>
<kw name="Click Button" library="SeleniumLibrary">
<arg>xpath:/html/body/div/div/button</arg>
<doc>Clicks the button identified by ``locator``.</doc>
<msg timestamp="20220715 14:26:45.866" level="INFO">Clicking button 'xpath:/html/body/div/div/button'.</msg>
<status status="PASS" starttime="20220715 14:26:45.865" endtime="20220715 14:26:45.984"/>
</kw>
<kw name="Input Text" library="SeleniumLibrary">
<arg>xpath:/html/body/div/div/div/main/div[2]/div/div[1]/div[1]/div[1]/input</arg>
<arg>${title}</arg>
<doc>Types the given ``text`` into the text field identified by ``locator``.</doc>
<msg timestamp="20220715 14:26:45.984" level="INFO">Typing text 'test_1' into text field 'xpath:/html/body/div/div/div/main/div[2]/div/div[1]/div[1]/div[1]/input'.</msg>
<status status="PASS" starttime="20220715 14:26:45.984" endtime="20220715 14:26:46.135"/>
</kw>
<kw name="Input Text" library="SeleniumLibrary">
<arg>xpath:/html/body/div/div/div/main/div[2]/div/div[1]/div[1]/div[2]/input</arg>
<arg>${isbn}</arg>
<doc>Types the given ``text`` into the text field identified by ``locator``.</doc>
<msg timestamp="20220715 14:26:46.136" level="INFO">Typing text '978-5-05-000140-2' into text field 'xpath:/html/body/div/div/div/main/div[2]/div/div[1]/div[1]/div[2]/input'.</msg>
<status status="PASS" starttime="20220715 14:26:46.135" endtime="20220715 14:26:46.330"/>
</kw>
<kw name="Click Button" library="SeleniumLibrary">
<arg>xpath:/html/body/div/div/div/main/div[2]/div/div[1]/div[1]/div[3]/div/input[1]</arg>
<doc>Clicks the button identified by ``locator``.</doc>
<msg timestamp="20220715 14:26:46.331" level="INFO">Clicking button 'xpath:/html/body/div/div/div/main/div[2]/div/div[1]/div[1]/div[3]/div/input[1]'.</msg>
<status status="PASS" starttime="20220715 14:26:46.330" endtime="20220715 14:26:46.420"/>
</kw>
<kw name="Click Button" library="SeleniumLibrary">
<arg>xpath:/html/body/div[2]/div/ul/li[1]/button</arg>
<doc>Clicks the button identified by ``locator``.</doc>
<msg timestamp="20220715 14:26:46.420" level="INFO">Clicking button 'xpath:/html/body/div[2]/div/ul/li[1]/button'.</msg>
<status status="PASS" starttime="20220715 14:26:46.420" endtime="20220715 14:26:46.486"/>
</kw>
<kw name="Click Button" library="SeleniumLibrary">
<arg>xpath:/html/body/div/div/div/main/div[2]/div/div[1]/div[1]/div[4]/div/input[1]</arg>
<doc>Clicks the button identified by ``locator``.</doc>
<msg timestamp="20220715 14:26:46.486" level="INFO">Clicking button 'xpath:/html/body/div/div/div/main/div[2]/div/div[1]/div[1]/div[4]/div/input[1]'.</msg>
<status status="PASS" starttime="20220715 14:26:46.486" endtime="20220715 14:26:46.583"/>
</kw>
<kw name="Click Button" library="SeleniumLibrary">
<arg>xpath:/html/body/div[2]/div/ul/li[1]/button</arg>
<doc>Clicks the button identified by ``locator``.</doc>
<msg timestamp="20220715 14:26:46.584" level="INFO">Clicking button 'xpath:/html/body/div[2]/div/ul/li[1]/button'.</msg>
<status status="PASS" starttime="20220715 14:26:46.583" endtime="20220715 14:26:46.661"/>
</kw>
<kw name="Click Button" library="SeleniumLibrary">
<arg>xpath:/html/body/div/div/div/main/div[2]/div/div[1]/div[2]/button[2]</arg>
<doc>Clicks the button identified by ``locator``.</doc>
<msg timestamp="20220715 14:26:46.661" level="INFO">Clicking button 'xpath:/html/body/div/div/div/main/div[2]/div/div[1]/div[2]/button[2]'.</msg>
<status status="PASS" starttime="20220715 14:26:46.661" endtime="20220715 14:26:46.743"/>
</kw>
<kw name="Sleep" library="BuiltIn">
<arg>1</arg>
<doc>Pauses the test executed for the given time.</doc>
<msg timestamp="20220715 14:26:47.746" level="INFO">Slept 1 second</msg>
<status status="PASS" starttime="20220715 14:26:46.743" endtime="20220715 14:26:47.746"/>
</kw>
<kw name="Click Button" library="SeleniumLibrary">
<arg>xpath:/html/body/div[2]/div/div[2]/button[2]</arg>
<doc>Clicks the button identified by ``locator``.</doc>
<msg timestamp="20220715 14:26:47.746" level="INFO">Clicking button 'xpath:/html/body/div[2]/div/div[2]/button[2]'.</msg>
<status status="PASS" starttime="20220715 14:26:47.746" endtime="20220715 14:26:47.808"/>
</kw>
<status status="PASS" starttime="20220715 14:26:45.865" endtime="20220715 14:26:47.808"/>
</kw>
<kw name="Journal Physical" library="resources1">
<arg>${norm_title2}</arg>
<arg>${norm_isbn}</arg>
<kw name="Click Button" library="SeleniumLibrary">
<arg>xpath:/html/body/div/div/button</arg>
<doc>Clicks the button identified by ``locator``.</doc>
<msg timestamp="20220715 14:26:47.812" level="INFO">Clicking button 'xpath:/html/body/div/div/button'.</msg>
<status status="PASS" starttime="20220715 14:26:47.810" endtime="20220715 14:26:48.235"/>
</kw>
<kw name="Input Text" library="SeleniumLibrary">
<arg>xpath:/html/body/div/div/div/main/div[2]/div/div[1]/div[1]/div[1]/input</arg>
<arg>${title}</arg>
<doc>Types the given ``text`` into the text field identified by ``locator``.</doc>
<msg timestamp="20220715 14:26:48.236" level="INFO">Typing text 'test_2' into text field 'xpath:/html/body/div/div/div/main/div[2]/div/div[1]/div[1]/div[1]/input'.</msg>
<status status="PASS" starttime="20220715 14:26:48.235" endtime="20220715 14:26:48.367"/>
</kw>
<kw name="Input Text" library="SeleniumLibrary">
<arg>xpath:/html/body/div/div/div/main/div[2]/div/div[1]/div[1]/div[2]/input</arg>
<arg>${isbn}</arg>
<doc>Types the given ``text`` into the text field identified by ``locator``.</doc>
<msg timestamp="20220715 14:26:48.367" level="INFO">Typing text '978-5-05-000140-2' into text field 'xpath:/html/body/div/div/div/main/div[2]/div/div[1]/div[1]/div[2]/input'.</msg>
<status status="PASS" starttime="20220715 14:26:48.367" endtime="20220715 14:26:48.552"/>
</kw>
<kw name="Click Button" library="SeleniumLibrary">
<arg>xpath:/html/body/div/div/div/main/div[2]/div/div[1]/div[1]/div[3]/div/input[1]</arg>
<doc>Clicks the button identified by ``locator``.</doc>
<msg timestamp="20220715 14:26:48.552" level="INFO">Clicking button 'xpath:/html/body/div/div/div/main/div[2]/div/div[1]/div[1]/div[3]/div/input[1]'.</msg>
<status status="PASS" starttime="20220715 14:26:48.552" endtime="20220715 14:26:48.622"/>
</kw>
<kw name="Click Button" library="SeleniumLibrary">
<arg>xpath:/html/body/div[2]/div/ul/li[2]/button</arg>
<doc>Clicks the button identified by ``locator``.</doc>
<msg timestamp="20220715 14:26:48.622" level="INFO">Clicking button 'xpath:/html/body/div[2]/div/ul/li[2]/button'.</msg>
<status status="PASS" starttime="20220715 14:26:48.622" endtime="20220715 14:26:48.702"/>
</kw>
<kw name="Sleep" library="BuiltIn">
<arg>1</arg>
<doc>Pauses the test executed for the given time.</doc>
<msg timestamp="20220715 14:26:49.715" level="INFO">Slept 1 second</msg>
<status status="PASS" starttime="20220715 14:26:48.702" endtime="20220715 14:26:49.715"/>
</kw>
<kw name="Click Button" library="SeleniumLibrary">
<arg>xpath:/html/body/div/div/div/main/div[2]/div/div[1]/div[1]/div[4]/div/input[1]</arg>
<doc>Clicks the button identified by ``locator``.</doc>
<msg timestamp="20220715 14:26:49.715" level="INFO">Clicking button 'xpath:/html/body/div/div/div/main/div[2]/div/div[1]/div[1]/div[4]/div/input[1]'.</msg>
<status status="PASS" starttime="20220715 14:26:49.715" endtime="20220715 14:26:49.790"/>
</kw>
<kw name="Click Button" library="SeleniumLibrary">
<arg>xpath:/html/body/div[2]/div/ul/li[1]/button</arg>
<doc>Clicks the button identified by ``locator``.</doc>
<msg timestamp="20220715 14:26:49.791" level="INFO">Clicking button 'xpath:/html/body/div[2]/div/ul/li[1]/button'.</msg>
<status status="PASS" starttime="20220715 14:26:49.791" endtime="20220715 14:26:49.864"/>
</kw>
<kw name="Click Button" library="SeleniumLibrary">
<arg>xpath:/html/body/div/div/div/main/div[2]/div/div[1]/div[2]/button[2]</arg>
<doc>Clicks the button identified by ``locator``.</doc>
<msg timestamp="20220715 14:26:49.864" level="INFO">Clicking button 'xpath:/html/body/div/div/div/main/div[2]/div/div[1]/div[2]/button[2]'.</msg>
<status status="PASS" starttime="20220715 14:26:49.864" endtime="20220715 14:26:49.942"/>
</kw>
<kw name="Sleep" library="BuiltIn">
<arg>1</arg>
<doc>Pauses the test executed for the given time.</doc>
<msg timestamp="20220715 14:26:50.947" level="INFO">Slept 1 second</msg>
<status status="PASS" starttime="20220715 14:26:49.943" endtime="20220715 14:26:50.947"/>
</kw>
<kw name="Click Button" library="SeleniumLibrary">
<arg>xpath:/html/body/div[2]/div/div[2]/button[2]</arg>
<doc>Clicks the button identified by ``locator``.</doc>
<msg timestamp="20220715 14:26:50.947" level="INFO">Clicking button 'xpath:/html/body/div[2]/div/div[2]/button[2]'.</msg>
<status status="PASS" starttime="20220715 14:26:50.947" endtime="20220715 14:26:51.004"/>
</kw>
<status status="PASS" starttime="20220715 14:26:47.809" endtime="20220715 14:26:51.004"/>
</kw>
<kw name="Search Test" library="resources1">
<arg>${norm_title2}</arg>
<kw name="Input Text" library="SeleniumLibrary">
<arg>xpath:/html/body/div/div/div/main/div[1]/div/div[1]/div/input</arg>
<arg>${search_target}</arg>
<doc>Types the given ``text`` into the text field identified by ``locator``.</doc>
<msg timestamp="20220715 14:26:51.007" level="INFO">Typing text 'test_2' into text field 'xpath:/html/body/div/div/div/main/div[1]/div/div[1]/div/input'.</msg>
<status status="PASS" starttime="20220715 14:26:51.006" endtime="20220715 14:26:51.153"/>
</kw>
<kw name="Click Button" library="SeleniumLibrary">
<arg>xpath:/html/body/div/div/div/main/div[1]/div/button[2]</arg>
<doc>Clicks the button identified by ``locator``.</doc>
<msg timestamp="20220715 14:26:51.154" level="INFO">Clicking button 'xpath:/html/body/div/div/div/main/div[1]/div/button[2]'.</msg>
<status status="PASS" starttime="20220715 14:26:51.153" endtime="20220715 14:26:51.422"/>
</kw>
<status status="PASS" starttime="20220715 14:26:51.005" endtime="20220715 14:26:51.422"/>
</kw>
<kw name="Sleep" library="BuiltIn">
<arg>5</arg>
<doc>Pauses the test executed for the given time.</doc>
<msg timestamp="20220715 14:26:56.432" level="INFO">Slept 5 seconds</msg>
<status status="PASS" starttime="20220715 14:26:51.423" endtime="20220715 14:26:56.432"/>
</kw>
<kw name="Close Browser" library="SeleniumLibrary" type="TEARDOWN">
<doc>Closes the current browser.</doc>
<status status="PASS" starttime="20220715 14:26:56.432" endtime="20220715 14:26:58.745"/>
</kw>
<status status="PASS" starttime="20220715 14:26:41.545" endtime="20220715 14:26:58.745"/>
</test>
<status status="PASS" starttime="20220715 14:26:40.987" endtime="20220715 14:26:58.745"/>
</suite>
<statistics>
<total>
<stat pass="1" fail="0" skip="0">All Tests</stat>
</total>
<tag>
</tag>
<suite>
<stat pass="1" fail="0" skip="0" id="s1" name="Search">Search</stat>
</suite>
</statistics>
<errors>
</errors>
</robot>
