<?xml version="1.0" encoding="UTF-8"?>
<robot generator="Robot 5.0.1 (Python 3.10.5 on win32)" generated="20220710 02:18:26.899" rpa="false" schemaversion="3">
<suite id="s1" name="Search" source="C:\Games\тестовое\test-app\test_cases\search\search.robot">
<test id="s1-t1" name="Test Case_036" line="9">
<kw name="Open Browser and Maximize" library="resources1" type="SETUP">
<arg>${url}</arg>
<arg>${browser_name}</arg>
<kw name="Open Browser" library="SeleniumLibrary">
<arg>${user_url}</arg>
<arg>${user_browser}</arg>
<doc>Opens a new browser instance to the optional ``url``.</doc>
<msg timestamp="20220710 02:18:27.302" level="INFO">Opening browser 'Chrome' to base url 'http://localhost:8080/#/login'.</msg>
<status status="PASS" starttime="20220710 02:18:27.302" endtime="20220710 02:18:29.255"/>
</kw>
<kw name="Maximize Browser Window" library="SeleniumLibrary">
<doc>Maximizes current browser window.</doc>
<status status="PASS" starttime="20220710 02:18:29.256" endtime="20220710 02:18:29.381"/>
</kw>
<kw name="Log" library="BuiltIn">
<arg>Starting test in ${user_browser}</arg>
<doc>Logs the given message with the given level.</doc>
<msg timestamp="20220710 02:18:29.382" level="INFO">Starting test in Chrome</msg>
<status status="PASS" starttime="20220710 02:18:29.381" endtime="20220710 02:18:29.382"/>
</kw>
<kw name="Log" library="BuiltIn">
<arg>Test URL: ${user_url}</arg>
<doc>Logs the given message with the given level.</doc>
<msg timestamp="20220710 02:18:29.383" level="INFO">Test URL: http://localhost:8080/#/login</msg>
<status status="PASS" starttime="20220710 02:18:29.382" endtime="20220710 02:18:29.383"/>
</kw>
<status status="PASS" starttime="20220710 02:18:27.301" endtime="20220710 02:18:29.383"/>
</kw>
<kw name="Login to Webpage" library="resources1">
<arg>${user}</arg>
<arg>${password}</arg>
<kw name="Input Text" library="SeleniumLibrary">
<arg>xpath:/html/body/div/div/div/div[2]/div[1]/input</arg>
<arg>${user_name}</arg>
<doc>Types the given ``text`` into the text field identified by ``locator``.</doc>
<msg timestamp="20220710 02:18:29.387" level="INFO">Typing text 'test' into text field 'xpath:/html/body/div/div/div/div[2]/div[1]/input'.</msg>
<status status="PASS" starttime="20220710 02:18:29.385" endtime="20220710 02:18:29.531"/>
</kw>
<kw name="Input Password" library="SeleniumLibrary">
<arg>xpath:/html/body/div/div/div/div[2]/div[2]/input</arg>
<arg>${user_password}</arg>
<doc>Types the given password into the text field identified by ``locator``.</doc>
<msg timestamp="20220710 02:18:29.532" level="INFO">Typing password into text field 'xpath:/html/body/div/div/div/div[2]/div[2]/input'.</msg>
<msg timestamp="20220710 02:18:29.598" level="INFO">Temporally setting log level to: NONE</msg>
<msg timestamp="20220710 02:18:29.662" level="INFO">Log level changed from NONE to INFO.</msg>
<status status="PASS" starttime="20220710 02:18:29.532" endtime="20220710 02:18:29.662"/>
</kw>
<kw name="Click Button" library="SeleniumLibrary">
<arg>xpath:/html/body/div/div/div/div[3]/button</arg>
<doc>Clicks the button identified by ``locator``.</doc>
<msg timestamp="20220710 02:18:29.663" level="INFO">Clicking button 'xpath:/html/body/div/div/div/div[3]/button'.</msg>
<status status="PASS" starttime="20220710 02:18:29.663" endtime="20220710 02:18:29.763"/>
</kw>
<kw name="Sleep" library="BuiltIn">
<arg>1</arg>
<doc>Pauses the test executed for the given time.</doc>
<msg timestamp="20220710 02:18:30.784" level="INFO">Slept 1 second</msg>
<status status="PASS" starttime="20220710 02:18:29.769" endtime="20220710 02:18:30.784"/>
</kw>
<kw name="Location Should Be" library="SeleniumLibrary">
<arg>http://localhost:8080/#/home</arg>
<doc>Verifies that the current URL is exactly ``url``.</doc>
<msg timestamp="20220710 02:18:30.792" level="INFO">Current location is 'http://localhost:8080/#/home'.</msg>
<status status="PASS" starttime="20220710 02:18:30.785" endtime="20220710 02:18:30.792"/>
</kw>
<kw name="Log" library="BuiltIn">
<arg>login successful</arg>
<doc>Logs the given message with the given level.</doc>
<msg timestamp="20220710 02:18:30.793" level="INFO">login successful</msg>
<status status="PASS" starttime="20220710 02:18:30.792" endtime="20220710 02:18:30.793"/>
</kw>
<status status="PASS" starttime="20220710 02:18:29.384" endtime="20220710 02:18:30.793"/>
</kw>
<kw name="Technical Physical" library="resources1">
<arg>${norm_title}</arg>
<arg>${norm_isbn}</arg>
<kw name="Click Button" library="SeleniumLibrary">
<arg>xpath:/html/body/div/div/button</arg>
<doc>Clicks the button identified by ``locator``.</doc>
<msg timestamp="20220710 02:18:30.795" level="INFO">Clicking button 'xpath:/html/body/div/div/button'.</msg>
<status status="PASS" starttime="20220710 02:18:30.794" endtime="20220710 02:18:30.922"/>
</kw>
<kw name="Input Text" library="SeleniumLibrary">
<arg>xpath:/html/body/div/div/div/main/div[2]/div/div[1]/div[1]/div[1]/input</arg>
<arg>${title}</arg>
<doc>Types the given ``text`` into the text field identified by ``locator``.</doc>
<msg timestamp="20220710 02:18:30.923" level="INFO">Typing text 'test_1' into text field 'xpath:/html/body/div/div/div/main/div[2]/div/div[1]/div[1]/div[1]/input'.</msg>
<status status="PASS" starttime="20220710 02:18:30.922" endtime="20220710 02:18:31.096"/>
</kw>
<kw name="Input Text" library="SeleniumLibrary">
<arg>xpath:/html/body/div/div/div/main/div[2]/div/div[1]/div[1]/div[2]/input</arg>
<arg>${isbn}</arg>
<doc>Types the given ``text`` into the text field identified by ``locator``.</doc>
<msg timestamp="20220710 02:18:31.097" level="INFO">Typing text '978-5-05-000140-2' into text field 'xpath:/html/body/div/div/div/main/div[2]/div/div[1]/div[1]/div[2]/input'.</msg>
<status status="PASS" starttime="20220710 02:18:31.097" endtime="20220710 02:18:31.310"/>
</kw>
<kw name="Click Button" library="SeleniumLibrary">
<arg>xpath:/html/body/div/div/div/main/div[2]/div/div[1]/div[1]/div[3]/div/input[1]</arg>
<doc>Clicks the button identified by ``locator``.</doc>
<msg timestamp="20220710 02:18:31.311" level="INFO">Clicking button 'xpath:/html/body/div/div/div/main/div[2]/div/div[1]/div[1]/div[3]/div/input[1]'.</msg>
<status status="PASS" starttime="20220710 02:18:31.310" endtime="20220710 02:18:31.392"/>
</kw>
<kw name="Click Button" library="SeleniumLibrary">
<arg>xpath:/html/body/div[2]/div/ul/li[1]/button</arg>
<doc>Clicks the button identified by ``locator``.</doc>
<msg timestamp="20220710 02:18:31.392" level="INFO">Clicking button 'xpath:/html/body/div[2]/div/ul/li[1]/button'.</msg>
<status status="PASS" starttime="20220710 02:18:31.392" endtime="20220710 02:18:31.467"/>
</kw>
<kw name="Click Button" library="SeleniumLibrary">
<arg>xpath:/html/body/div/div/div/main/div[2]/div/div[1]/div[1]/div[4]/div/input[1]</arg>
<doc>Clicks the button identified by ``locator``.</doc>
<msg timestamp="20220710 02:18:31.467" level="INFO">Clicking button 'xpath:/html/body/div/div/div/main/div[2]/div/div[1]/div[1]/div[4]/div/input[1]'.</msg>
<status status="PASS" starttime="20220710 02:18:31.467" endtime="20220710 02:18:31.550"/>
</kw>
<kw name="Click Button" library="SeleniumLibrary">
<arg>xpath:/html/body/div[2]/div/ul/li[1]/button</arg>
<doc>Clicks the button identified by ``locator``.</doc>
<msg timestamp="20220710 02:18:31.551" level="INFO">Clicking button 'xpath:/html/body/div[2]/div/ul/li[1]/button'.</msg>
<status status="PASS" starttime="20220710 02:18:31.550" endtime="20220710 02:18:31.615"/>
</kw>
<kw name="Click Button" library="SeleniumLibrary">
<arg>xpath:/html/body/div/div/div/main/div[2]/div/div[1]/div[2]/button[2]</arg>
<doc>Clicks the button identified by ``locator``.</doc>
<msg timestamp="20220710 02:18:31.616" level="INFO">Clicking button 'xpath:/html/body/div/div/div/main/div[2]/div/div[1]/div[2]/button[2]'.</msg>
<status status="PASS" starttime="20220710 02:18:31.615" endtime="20220710 02:18:31.695"/>
</kw>
<kw name="Sleep" library="BuiltIn">
<arg>1</arg>
<doc>Pauses the test executed for the given time.</doc>
<msg timestamp="20220710 02:18:32.701" level="INFO">Slept 1 second</msg>
<status status="PASS" starttime="20220710 02:18:31.696" endtime="20220710 02:18:32.701"/>
</kw>
<kw name="Click Button" library="SeleniumLibrary">
<arg>xpath:/html/body/div[2]/div/div[2]/button[2]</arg>
<doc>Clicks the button identified by ``locator``.</doc>
<msg timestamp="20220710 02:18:32.701" level="INFO">Clicking button 'xpath:/html/body/div[2]/div/div[2]/button[2]'.</msg>
<status status="PASS" starttime="20220710 02:18:32.701" endtime="20220710 02:18:32.765"/>
</kw>
<status status="PASS" starttime="20220710 02:18:30.794" endtime="20220710 02:18:32.765"/>
</kw>
<kw name="Journal Physical" library="resources1">
<arg>${norm_title2}</arg>
<arg>${norm_isbn}</arg>
<kw name="Click Button" library="SeleniumLibrary">
<arg>xpath:/html/body/div/div/button</arg>
<doc>Clicks the button identified by ``locator``.</doc>
<msg timestamp="20220710 02:18:32.766" level="INFO">Clicking button 'xpath:/html/body/div/div/button'.</msg>
<status status="PASS" starttime="20220710 02:18:32.766" endtime="20220710 02:18:33.183"/>
</kw>
<kw name="Input Text" library="SeleniumLibrary">
<arg>xpath:/html/body/div/div/div/main/div[2]/div/div[1]/div[1]/div[1]/input</arg>
<arg>${title}</arg>
<doc>Types the given ``text`` into the text field identified by ``locator``.</doc>
<msg timestamp="20220710 02:18:33.185" level="INFO">Typing text 'test_2' into text field 'xpath:/html/body/div/div/div/main/div[2]/div/div[1]/div[1]/div[1]/input'.</msg>
<status status="PASS" starttime="20220710 02:18:33.184" endtime="20220710 02:18:33.300"/>
</kw>
<kw name="Input Text" library="SeleniumLibrary">
<arg>xpath:/html/body/div/div/div/main/div[2]/div/div[1]/div[1]/div[2]/input</arg>
<arg>${isbn}</arg>
<doc>Types the given ``text`` into the text field identified by ``locator``.</doc>
<msg timestamp="20220710 02:18:33.302" level="INFO">Typing text '978-5-05-000140-2' into text field 'xpath:/html/body/div/div/div/main/div[2]/div/div[1]/div[1]/div[2]/input'.</msg>
<status status="PASS" starttime="20220710 02:18:33.301" endtime="20220710 02:18:33.477"/>
</kw>
<kw name="Click Button" library="SeleniumLibrary">
<arg>xpath:/html/body/div/div/div/main/div[2]/div/div[1]/div[1]/div[3]/div/input[1]</arg>
<doc>Clicks the button identified by ``locator``.</doc>
<msg timestamp="20220710 02:18:33.478" level="INFO">Clicking button 'xpath:/html/body/div/div/div/main/div[2]/div/div[1]/div[1]/div[3]/div/input[1]'.</msg>
<status status="PASS" starttime="20220710 02:18:33.478" endtime="20220710 02:18:33.550"/>
</kw>
<kw name="Click Button" library="SeleniumLibrary">
<arg>xpath:/html/body/div[2]/div/ul/li[2]/button</arg>
<doc>Clicks the button identified by ``locator``.</doc>
<msg timestamp="20220710 02:18:33.550" level="INFO">Clicking button 'xpath:/html/body/div[2]/div/ul/li[2]/button'.</msg>
<status status="PASS" starttime="20220710 02:18:33.550" endtime="20220710 02:18:33.633"/>
</kw>
<kw name="Sleep" library="BuiltIn">
<arg>1</arg>
<doc>Pauses the test executed for the given time.</doc>
<msg timestamp="20220710 02:18:34.646" level="INFO">Slept 1 second</msg>
<status status="PASS" starttime="20220710 02:18:33.633" endtime="20220710 02:18:34.646"/>
</kw>
<kw name="Click Button" library="SeleniumLibrary">
<arg>xpath:/html/body/div/div/div/main/div[2]/div/div[1]/div[1]/div[4]/div/input[1]</arg>
<doc>Clicks the button identified by ``locator``.</doc>
<msg timestamp="20220710 02:18:34.647" level="INFO">Clicking button 'xpath:/html/body/div/div/div/main/div[2]/div/div[1]/div[1]/div[4]/div/input[1]'.</msg>
<status status="PASS" starttime="20220710 02:18:34.646" endtime="20220710 02:18:34.711"/>
</kw>
<kw name="Click Button" library="SeleniumLibrary">
<arg>xpath:/html/body/div[2]/div/ul/li[1]/button</arg>
<doc>Clicks the button identified by ``locator``.</doc>
<msg timestamp="20220710 02:18:34.712" level="INFO">Clicking button 'xpath:/html/body/div[2]/div/ul/li[1]/button'.</msg>
<status status="PASS" starttime="20220710 02:18:34.711" endtime="20220710 02:18:34.782"/>
</kw>
<kw name="Click Button" library="SeleniumLibrary">
<arg>xpath:/html/body/div/div/div/main/div[2]/div/div[1]/div[2]/button[2]</arg>
<doc>Clicks the button identified by ``locator``.</doc>
<msg timestamp="20220710 02:18:34.782" level="INFO">Clicking button 'xpath:/html/body/div/div/div/main/div[2]/div/div[1]/div[2]/button[2]'.</msg>
<status status="PASS" starttime="20220710 02:18:34.782" endtime="20220710 02:18:34.849"/>
</kw>
<kw name="Sleep" library="BuiltIn">
<arg>1</arg>
<doc>Pauses the test executed for the given time.</doc>
<msg timestamp="20220710 02:18:35.855" level="INFO">Slept 1 second</msg>
<status status="PASS" starttime="20220710 02:18:34.849" endtime="20220710 02:18:35.855"/>
</kw>
<kw name="Click Button" library="SeleniumLibrary">
<arg>xpath:/html/body/div[2]/div/div[2]/button[2]</arg>
<doc>Clicks the button identified by ``locator``.</doc>
<msg timestamp="20220710 02:18:35.856" level="INFO">Clicking button 'xpath:/html/body/div[2]/div/div[2]/button[2]'.</msg>
<status status="PASS" starttime="20220710 02:18:35.855" endtime="20220710 02:18:35.929"/>
</kw>
<status status="PASS" starttime="20220710 02:18:32.765" endtime="20220710 02:18:35.930"/>
</kw>
<kw name="Novel Physical" library="resources1">
<arg>${norm_title3}</arg>
<arg>${norm_isbn}</arg>
<kw name="Click Button" library="SeleniumLibrary">
<arg>xpath:/html/body/div/div/button</arg>
<doc>Clicks the button identified by ``locator``.</doc>
<msg timestamp="20220710 02:18:35.931" level="INFO">Clicking button 'xpath:/html/body/div/div/button'.</msg>
<status status="PASS" starttime="20220710 02:18:35.931" endtime="20220710 02:18:36.359"/>
</kw>
<kw name="Input Text" library="SeleniumLibrary">
<arg>xpath:/html/body/div/div/div/main/div[2]/div/div[1]/div[1]/div[1]/input</arg>
<arg>${title}</arg>
<doc>Types the given ``text`` into the text field identified by ``locator``.</doc>
<msg timestamp="20220710 02:18:36.360" level="INFO">Typing text 'test_3' into text field 'xpath:/html/body/div/div/div/main/div[2]/div/div[1]/div[1]/div[1]/input'.</msg>
<status status="PASS" starttime="20220710 02:18:36.359" endtime="20220710 02:18:36.482"/>
</kw>
<kw name="Input Text" library="SeleniumLibrary">
<arg>xpath:/html/body/div/div/div/main/div[2]/div/div[1]/div[1]/div[2]/input</arg>
<arg>${isbn}</arg>
<doc>Types the given ``text`` into the text field identified by ``locator``.</doc>
<msg timestamp="20220710 02:18:36.483" level="INFO">Typing text '978-5-05-000140-2' into text field 'xpath:/html/body/div/div/div/main/div[2]/div/div[1]/div[1]/div[2]/input'.</msg>
<status status="PASS" starttime="20220710 02:18:36.482" endtime="20220710 02:18:36.688"/>
</kw>
<kw name="Click Button" library="SeleniumLibrary">
<arg>xpath:/html/body/div/div/div/main/div[2]/div/div[1]/div[1]/div[3]/div/input[1]</arg>
<doc>Clicks the button identified by ``locator``.</doc>
<msg timestamp="20220710 02:18:36.689" level="INFO">Clicking button 'xpath:/html/body/div/div/div/main/div[2]/div/div[1]/div[1]/div[3]/div/input[1]'.</msg>
<status status="PASS" starttime="20220710 02:18:36.688" endtime="20220710 02:18:36.793"/>
</kw>
<kw name="Click Button" library="SeleniumLibrary">
<arg>xpath:/html/body/div[2]/div/ul/li[3]/button</arg>
<doc>Clicks the button identified by ``locator``.</doc>
<msg timestamp="20220710 02:18:36.793" level="INFO">Clicking button 'xpath:/html/body/div[2]/div/ul/li[3]/button'.</msg>
<status status="PASS" starttime="20220710 02:18:36.793" endtime="20220710 02:18:36.876"/>
</kw>
<kw name="Sleep" library="BuiltIn">
<arg>1</arg>
<doc>Pauses the test executed for the given time.</doc>
<msg timestamp="20220710 02:18:37.889" level="INFO">Slept 1 second</msg>
<status status="PASS" starttime="20220710 02:18:36.877" endtime="20220710 02:18:37.889"/>
</kw>
<kw name="Click Button" library="SeleniumLibrary">
<arg>xpath:/html/body/div/div/div/main/div[2]/div/div[1]/div[1]/div[4]/div/input[1]</arg>
<doc>Clicks the button identified by ``locator``.</doc>
<msg timestamp="20220710 02:18:37.889" level="INFO">Clicking button 'xpath:/html/body/div/div/div/main/div[2]/div/div[1]/div[1]/div[4]/div/input[1]'.</msg>
<status status="PASS" starttime="20220710 02:18:37.889" endtime="20220710 02:18:37.958"/>
</kw>
<kw name="Click Button" library="SeleniumLibrary">
<arg>xpath:/html/body/div[2]/div/ul/li[1]/button</arg>
<doc>Clicks the button identified by ``locator``.</doc>
<msg timestamp="20220710 02:18:37.959" level="INFO">Clicking button 'xpath:/html/body/div[2]/div/ul/li[1]/button'.</msg>
<status status="PASS" starttime="20220710 02:18:37.959" endtime="20220710 02:18:38.028"/>
</kw>
<kw name="Click Button" library="SeleniumLibrary">
<arg>xpath:/html/body/div/div/div/main/div[2]/div/div[1]/div[2]/button[2]</arg>
<doc>Clicks the button identified by ``locator``.</doc>
<msg timestamp="20220710 02:18:38.029" level="INFO">Clicking button 'xpath:/html/body/div/div/div/main/div[2]/div/div[1]/div[2]/button[2]'.</msg>
<status status="PASS" starttime="20220710 02:18:38.029" endtime="20220710 02:18:38.099"/>
</kw>
<kw name="Sleep" library="BuiltIn">
<arg>1</arg>
<doc>Pauses the test executed for the given time.</doc>
<msg timestamp="20220710 02:18:39.105" level="INFO">Slept 1 second</msg>
<status status="PASS" starttime="20220710 02:18:38.100" endtime="20220710 02:18:39.105"/>
</kw>
<kw name="Click Button" library="SeleniumLibrary">
<arg>xpath:/html/body/div[2]/div/div[2]/button[2]</arg>
<doc>Clicks the button identified by ``locator``.</doc>
<msg timestamp="20220710 02:18:39.106" level="INFO">Clicking button 'xpath:/html/body/div[2]/div/div[2]/button[2]'.</msg>
<status status="PASS" starttime="20220710 02:18:39.105" endtime="20220710 02:18:39.173"/>
</kw>
<status status="PASS" starttime="20220710 02:18:35.930" endtime="20220710 02:18:39.174"/>
</kw>
<kw name="Technical Digital" library="resources1">
<arg>${norm_title4}</arg>
<arg>${norm_isbn}</arg>
<kw name="Click Button" library="SeleniumLibrary">
<arg>xpath:/html/body/div/div/button</arg>
<doc>Clicks the button identified by ``locator``.</doc>
<msg timestamp="20220710 02:18:39.175" level="INFO">Clicking button 'xpath:/html/body/div/div/button'.</msg>
<status status="PASS" starttime="20220710 02:18:39.175" endtime="20220710 02:18:39.602"/>
</kw>
<kw name="Input Text" library="SeleniumLibrary">
<arg>xpath:/html/body/div/div/div/main/div[2]/div/div[1]/div[1]/div[1]/input</arg>
<arg>${title}</arg>
<doc>Types the given ``text`` into the text field identified by ``locator``.</doc>
<msg timestamp="20220710 02:18:39.603" level="INFO">Typing text 'test_4' into text field 'xpath:/html/body/div/div/div/main/div[2]/div/div[1]/div[1]/div[1]/input'.</msg>
<status status="PASS" starttime="20220710 02:18:39.603" endtime="20220710 02:18:39.719"/>
</kw>
<kw name="Input Text" library="SeleniumLibrary">
<arg>xpath:/html/body/div/div/div/main/div[2]/div/div[1]/div[1]/div[2]/input</arg>
<arg>${isbn}</arg>
<doc>Types the given ``text`` into the text field identified by ``locator``.</doc>
<msg timestamp="20220710 02:18:39.719" level="INFO">Typing text '978-5-05-000140-2' into text field 'xpath:/html/body/div/div/div/main/div[2]/div/div[1]/div[1]/div[2]/input'.</msg>
<status status="PASS" starttime="20220710 02:18:39.719" endtime="20220710 02:18:39.883"/>
</kw>
<kw name="Click Button" library="SeleniumLibrary">
<arg>xpath:/html/body/div/div/div/main/div[2]/div/div[1]/div[1]/div[3]/div/input[1]</arg>
<doc>Clicks the button identified by ``locator``.</doc>
<msg timestamp="20220710 02:18:39.884" level="INFO">Clicking button 'xpath:/html/body/div/div/div/main/div[2]/div/div[1]/div[1]/div[3]/div/input[1]'.</msg>
<status status="PASS" starttime="20220710 02:18:39.883" endtime="20220710 02:18:39.956"/>
</kw>
<kw name="Click Button" library="SeleniumLibrary">
<arg>xpath:/html/body/div[2]/div/ul/li[1]/button</arg>
<doc>Clicks the button identified by ``locator``.</doc>
<msg timestamp="20220710 02:18:39.956" level="INFO">Clicking button 'xpath:/html/body/div[2]/div/ul/li[1]/button'.</msg>
<status status="PASS" starttime="20220710 02:18:39.956" endtime="20220710 02:18:40.027"/>
</kw>
<kw name="Sleep" library="BuiltIn">
<arg>1</arg>
<doc>Pauses the test executed for the given time.</doc>
<msg timestamp="20220710 02:18:41.040" level="INFO">Slept 1 second</msg>
<status status="PASS" starttime="20220710 02:18:40.027" endtime="20220710 02:18:41.040"/>
</kw>
<kw name="Click Button" library="SeleniumLibrary">
<arg>xpath:/html/body/div/div/div/main/div[2]/div/div[1]/div[1]/div[4]/div/input[1]</arg>
<doc>Clicks the button identified by ``locator``.</doc>
<msg timestamp="20220710 02:18:41.040" level="INFO">Clicking button 'xpath:/html/body/div/div/div/main/div[2]/div/div[1]/div[1]/div[4]/div/input[1]'.</msg>
<status status="PASS" starttime="20220710 02:18:41.040" endtime="20220710 02:18:41.105"/>
</kw>
<kw name="Click Button" library="SeleniumLibrary">
<arg>xpath:/html/body/div[2]/div/ul/li[2]/button</arg>
<doc>Clicks the button identified by ``locator``.</doc>
<msg timestamp="20220710 02:18:41.106" level="INFO">Clicking button 'xpath:/html/body/div[2]/div/ul/li[2]/button'.</msg>
<status status="PASS" starttime="20220710 02:18:41.105" endtime="20220710 02:18:41.178"/>
</kw>
<kw name="Sleep" library="BuiltIn">
<arg>1</arg>
<doc>Pauses the test executed for the given time.</doc>
<msg timestamp="20220710 02:18:42.184" level="INFO">Slept 1 second</msg>
<status status="PASS" starttime="20220710 02:18:41.178" endtime="20220710 02:18:42.184"/>
</kw>
<kw name="Click Button" library="SeleniumLibrary">
<arg>xpath:/html/body/div/div/div/main/div[2]/div/div[1]/div[2]/button[2]</arg>
<doc>Clicks the button identified by ``locator``.</doc>
<msg timestamp="20220710 02:18:42.184" level="INFO">Clicking button 'xpath:/html/body/div/div/div/main/div[2]/div/div[1]/div[2]/button[2]'.</msg>
<status status="PASS" starttime="20220710 02:18:42.184" endtime="20220710 02:18:42.244"/>
</kw>
<kw name="Sleep" library="BuiltIn">
<arg>1</arg>
<doc>Pauses the test executed for the given time.</doc>
<msg timestamp="20220710 02:18:43.251" level="INFO">Slept 1 second</msg>
<status status="PASS" starttime="20220710 02:18:42.244" endtime="20220710 02:18:43.251"/>
</kw>
<kw name="Click Button" library="SeleniumLibrary">
<arg>xpath:/html/body/div[2]/div/div[2]/button[2]</arg>
<doc>Clicks the button identified by ``locator``.</doc>
<msg timestamp="20220710 02:18:43.251" level="INFO">Clicking button 'xpath:/html/body/div[2]/div/div[2]/button[2]'.</msg>
<status status="PASS" starttime="20220710 02:18:43.251" endtime="20220710 02:18:43.307"/>
</kw>
<status status="PASS" starttime="20220710 02:18:39.174" endtime="20220710 02:18:43.308"/>
</kw>
<kw name="Journal Digital" library="resources1">
<arg>${norm_title5}</arg>
<arg>${norm_isbn}</arg>
<kw name="Click Button" library="SeleniumLibrary">
<arg>xpath:/html/body/div/div/button</arg>
<doc>Clicks the button identified by ``locator``.</doc>
<msg timestamp="20220710 02:18:43.310" level="INFO">Clicking button 'xpath:/html/body/div/div/button'.</msg>
<status status="PASS" starttime="20220710 02:18:43.309" endtime="20220710 02:18:43.729"/>
</kw>
<kw name="Input Text" library="SeleniumLibrary">
<arg>xpath:/html/body/div/div/div/main/div[2]/div/div[1]/div[1]/div[1]/input</arg>
<arg>${title}</arg>
<doc>Types the given ``text`` into the text field identified by ``locator``.</doc>
<msg timestamp="20220710 02:18:43.730" level="INFO">Typing text 'test_5' into text field 'xpath:/html/body/div/div/div/main/div[2]/div/div[1]/div[1]/div[1]/input'.</msg>
<status status="PASS" starttime="20220710 02:18:43.730" endtime="20220710 02:18:43.843"/>
</kw>
<kw name="Input Text" library="SeleniumLibrary">
<arg>xpath:/html/body/div/div/div/main/div[2]/div/div[1]/div[1]/div[2]/input</arg>
<arg>${isbn}</arg>
<doc>Types the given ``text`` into the text field identified by ``locator``.</doc>
<msg timestamp="20220710 02:18:43.844" level="INFO">Typing text '978-5-05-000140-2' into text field 'xpath:/html/body/div/div/div/main/div[2]/div/div[1]/div[1]/div[2]/input'.</msg>
<status status="PASS" starttime="20220710 02:18:43.844" endtime="20220710 02:18:44.004"/>
</kw>
<kw name="Click Button" library="SeleniumLibrary">
<arg>xpath:/html/body/div/div/div/main/div[2]/div/div[1]/div[1]/div[3]/div/input[1]</arg>
<doc>Clicks the button identified by ``locator``.</doc>
<msg timestamp="20220710 02:18:44.005" level="INFO">Clicking button 'xpath:/html/body/div/div/div/main/div[2]/div/div[1]/div[1]/div[3]/div/input[1]'.</msg>
<status status="PASS" starttime="20220710 02:18:44.004" endtime="20220710 02:18:44.108"/>
</kw>
<kw name="Click Button" library="SeleniumLibrary">
<arg>xpath:/html/body/div[2]/div/ul/li[2]/button</arg>
<doc>Clicks the button identified by ``locator``.</doc>
<msg timestamp="20220710 02:18:44.109" level="INFO">Clicking button 'xpath:/html/body/div[2]/div/ul/li[2]/button'.</msg>
<status status="PASS" starttime="20220710 02:18:44.108" endtime="20220710 02:18:44.185"/>
</kw>
<kw name="Sleep" library="BuiltIn">
<arg>1</arg>
<doc>Pauses the test executed for the given time.</doc>
<msg timestamp="20220710 02:18:45.198" level="INFO">Slept 1 second</msg>
<status status="PASS" starttime="20220710 02:18:44.185" endtime="20220710 02:18:45.198"/>
</kw>
<kw name="Click Button" library="SeleniumLibrary">
<arg>xpath:/html/body/div/div/div/main/div[2]/div/div[1]/div[1]/div[4]/div/input[1]</arg>
<doc>Clicks the button identified by ``locator``.</doc>
<msg timestamp="20220710 02:18:45.198" level="INFO">Clicking button 'xpath:/html/body/div/div/div/main/div[2]/div/div[1]/div[1]/div[4]/div/input[1]'.</msg>
<status status="PASS" starttime="20220710 02:18:45.198" endtime="20220710 02:18:45.258"/>
</kw>
<kw name="Click Button" library="SeleniumLibrary">
<arg>xpath:/html/body/div[2]/div/ul/li[2]/button</arg>
<doc>Clicks the button identified by ``locator``.</doc>
<msg timestamp="20220710 02:18:45.258" level="INFO">Clicking button 'xpath:/html/body/div[2]/div/ul/li[2]/button'.</msg>
<status status="PASS" starttime="20220710 02:18:45.258" endtime="20220710 02:18:45.328"/>
</kw>
<kw name="Sleep" library="BuiltIn">
<arg>1</arg>
<doc>Pauses the test executed for the given time.</doc>
<msg timestamp="20220710 02:18:46.340" level="INFO">Slept 1 second</msg>
<status status="PASS" starttime="20220710 02:18:45.329" endtime="20220710 02:18:46.340"/>
</kw>
<kw name="Click Button" library="SeleniumLibrary">
<arg>xpath:/html/body/div/div/div/main/div[2]/div/div[1]/div[2]/button[2]</arg>
<doc>Clicks the button identified by ``locator``.</doc>
<msg timestamp="20220710 02:18:46.340" level="INFO">Clicking button 'xpath:/html/body/div/div/div/main/div[2]/div/div[1]/div[2]/button[2]'.</msg>
<status status="PASS" starttime="20220710 02:18:46.340" endtime="20220710 02:18:46.403"/>
</kw>
<kw name="Sleep" library="BuiltIn">
<arg>1</arg>
<doc>Pauses the test executed for the given time.</doc>
<msg timestamp="20220710 02:18:47.410" level="INFO">Slept 1 second</msg>
<status status="PASS" starttime="20220710 02:18:46.403" endtime="20220710 02:18:47.410"/>
</kw>
<kw name="Click Button" library="SeleniumLibrary">
<arg>xpath:/html/body/div[2]/div/div[2]/button[2]</arg>
<doc>Clicks the button identified by ``locator``.</doc>
<msg timestamp="20220710 02:18:47.411" level="INFO">Clicking button 'xpath:/html/body/div[2]/div/div[2]/button[2]'.</msg>
<status status="PASS" starttime="20220710 02:18:47.410" endtime="20220710 02:18:47.477"/>
</kw>
<status status="PASS" starttime="20220710 02:18:43.308" endtime="20220710 02:18:47.477"/>
</kw>
<kw name="Novel Digital" library="resources1">
<arg>${norm_title6}</arg>
<arg>${norm_isbn}</arg>
<kw name="Click Button" library="SeleniumLibrary">
<arg>xpath:/html/body/div/div/button</arg>
<doc>Clicks the button identified by ``locator``.</doc>
<msg timestamp="20220710 02:18:47.479" level="INFO">Clicking button 'xpath:/html/body/div/div/button'.</msg>
<status status="PASS" starttime="20220710 02:18:47.479" endtime="20220710 02:18:47.901"/>
</kw>
<kw name="Input Text" library="SeleniumLibrary">
<arg>xpath:/html/body/div/div/div/main/div[2]/div/div[1]/div[1]/div[1]/input</arg>
<arg>${title}</arg>
<doc>Types the given ``text`` into the text field identified by ``locator``.</doc>
<msg timestamp="20220710 02:18:47.902" level="INFO">Typing text 'test_6' into text field 'xpath:/html/body/div/div/div/main/div[2]/div/div[1]/div[1]/div[1]/input'.</msg>
<status status="PASS" starttime="20220710 02:18:47.901" endtime="20220710 02:18:48.027"/>
</kw>
<kw name="Input Text" library="SeleniumLibrary">
<arg>xpath:/html/body/div/div/div/main/div[2]/div/div[1]/div[1]/div[2]/input</arg>
<arg>${isbn}</arg>
<doc>Types the given ``text`` into the text field identified by ``locator``.</doc>
<msg timestamp="20220710 02:18:48.029" level="INFO">Typing text '978-5-05-000140-2' into text field 'xpath:/html/body/div/div/div/main/div[2]/div/div[1]/div[1]/div[2]/input'.</msg>
<status status="PASS" starttime="20220710 02:18:48.028" endtime="20220710 02:18:48.206"/>
</kw>
<kw name="Click Button" library="SeleniumLibrary">
<arg>xpath:/html/body/div/div/div/main/div[2]/div/div[1]/div[1]/div[3]/div/input[1]</arg>
<doc>Clicks the button identified by ``locator``.</doc>
<msg timestamp="20220710 02:18:48.206" level="INFO">Clicking button 'xpath:/html/body/div/div/div/main/div[2]/div/div[1]/div[1]/div[3]/div/input[1]'.</msg>
<status status="PASS" starttime="20220710 02:18:48.206" endtime="20220710 02:18:48.283"/>
</kw>
<kw name="Click Button" library="SeleniumLibrary">
<arg>xpath:/html/body/div[2]/div/ul/li[3]/button</arg>
<doc>Clicks the button identified by ``locator``.</doc>
<msg timestamp="20220710 02:18:48.284" level="INFO">Clicking button 'xpath:/html/body/div[2]/div/ul/li[3]/button'.</msg>
<status status="PASS" starttime="20220710 02:18:48.284" endtime="20220710 02:18:48.367"/>
</kw>
<kw name="Sleep" library="BuiltIn">
<arg>1</arg>
<doc>Pauses the test executed for the given time.</doc>
<msg timestamp="20220710 02:18:49.379" level="INFO">Slept 1 second</msg>
<status status="PASS" starttime="20220710 02:18:48.367" endtime="20220710 02:18:49.379"/>
</kw>
<kw name="Click Button" library="SeleniumLibrary">
<arg>xpath:/html/body/div/div/div/main/div[2]/div/div[1]/div[1]/div[4]/div/input[1]</arg>
<doc>Clicks the button identified by ``locator``.</doc>
<msg timestamp="20220710 02:18:49.379" level="INFO">Clicking button 'xpath:/html/body/div/div/div/main/div[2]/div/div[1]/div[1]/div[4]/div/input[1]'.</msg>
<status status="PASS" starttime="20220710 02:18:49.379" endtime="20220710 02:18:49.445"/>
</kw>
<kw name="Click Button" library="SeleniumLibrary">
<arg>xpath:/html/body/div[2]/div/ul/li[2]/button</arg>
<doc>Clicks the button identified by ``locator``.</doc>
<msg timestamp="20220710 02:18:49.446" level="INFO">Clicking button 'xpath:/html/body/div[2]/div/ul/li[2]/button'.</msg>
<status status="PASS" starttime="20220710 02:18:49.446" endtime="20220710 02:18:49.521"/>
</kw>
<kw name="Sleep" library="BuiltIn">
<arg>1</arg>
<doc>Pauses the test executed for the given time.</doc>
<msg timestamp="20220710 02:18:50.529" level="INFO">Slept 1 second</msg>
<status status="PASS" starttime="20220710 02:18:49.521" endtime="20220710 02:18:50.529"/>
</kw>
<kw name="Click Button" library="SeleniumLibrary">
<arg>xpath:/html/body/div/div/div/main/div[2]/div/div[1]/div[2]/button[2]</arg>
<doc>Clicks the button identified by ``locator``.</doc>
<msg timestamp="20220710 02:18:50.529" level="INFO">Clicking button 'xpath:/html/body/div/div/div/main/div[2]/div/div[1]/div[2]/button[2]'.</msg>
<status status="PASS" starttime="20220710 02:18:50.529" endtime="20220710 02:18:50.591"/>
</kw>
<kw name="Sleep" library="BuiltIn">
<arg>1</arg>
<doc>Pauses the test executed for the given time.</doc>
<msg timestamp="20220710 02:18:51.600" level="INFO">Slept 1 second</msg>
<status status="PASS" starttime="20220710 02:18:50.591" endtime="20220710 02:18:51.600"/>
</kw>
<kw name="Click Button" library="SeleniumLibrary">
<arg>xpath:/html/body/div[2]/div/div[2]/button[2]</arg>
<doc>Clicks the button identified by ``locator``.</doc>
<msg timestamp="20220710 02:18:51.600" level="INFO">Clicking button 'xpath:/html/body/div[2]/div/div[2]/button[2]'.</msg>
<status status="PASS" starttime="20220710 02:18:51.600" endtime="20220710 02:18:51.657"/>
</kw>
<status status="PASS" starttime="20220710 02:18:47.478" endtime="20220710 02:18:51.657"/>
</kw>
<kw name="Search Test" library="resources1">
<arg>${norm_title6}</arg>
<kw name="Input Text" library="SeleniumLibrary">
<arg>xpath:/html/body/div/div/div/main/div[1]/div/div[1]/div/input</arg>
<arg>${search_target}</arg>
<doc>Types the given ``text`` into the text field identified by ``locator``.</doc>
<msg timestamp="20220710 02:18:51.659" level="INFO">Typing text 'test_6' into text field 'xpath:/html/body/div/div/div/main/div[1]/div/div[1]/div/input'.</msg>
<status status="PASS" starttime="20220710 02:18:51.658" endtime="20220710 02:18:51.842"/>
</kw>
<kw name="Click Button" library="SeleniumLibrary">
<arg>xpath:/html/body/div/div/div/main/div[1]/div/button[2]</arg>
<doc>Clicks the button identified by ``locator``.</doc>
<msg timestamp="20220710 02:18:51.843" level="INFO">Clicking button 'xpath:/html/body/div/div/div/main/div[1]/div/button[2]'.</msg>
<status status="PASS" starttime="20220710 02:18:51.842" endtime="20220710 02:18:52.052"/>
</kw>
<status status="PASS" starttime="20220710 02:18:51.658" endtime="20220710 02:18:52.053"/>
</kw>
<kw name="Sleep" library="BuiltIn">
<arg>5</arg>
<doc>Pauses the test executed for the given time.</doc>
<msg timestamp="20220710 02:18:57.057" level="INFO">Slept 5 seconds</msg>
<status status="PASS" starttime="20220710 02:18:52.054" endtime="20220710 02:18:57.057"/>
</kw>
<kw name="Close Browser and log" library="resources1" type="TEARDOWN">
<kw name="Close Browser" library="SeleniumLibrary">
<doc>Closes the current browser.</doc>
<status status="PASS" starttime="20220710 02:18:57.058" endtime="20220710 02:18:59.314"/>
</kw>
<kw name="Log" library="BuiltIn">
<arg>Finished test.</arg>
<doc>Logs the given message with the given level.</doc>
<msg timestamp="20220710 02:18:59.314" level="INFO">Finished test.</msg>
<status status="PASS" starttime="20220710 02:18:59.314" endtime="20220710 02:18:59.314"/>
</kw>
<status status="PASS" starttime="20220710 02:18:57.058" endtime="20220710 02:18:59.314"/>
</kw>
<status status="PASS" starttime="20220710 02:18:27.300" endtime="20220710 02:18:59.315"/>
</test>
<status status="PASS" starttime="20220710 02:18:26.902" endtime="20220710 02:18:59.316"/>
</suite>
<statistics>
<total>
<stat pass="1" fail="0" skip="0">All Tests</stat>
</total>
<tag>
</tag>
<suite>
<stat pass="1" fail="0" skip="0" id="s1" name="Search">Search</stat>
</suite>
</statistics>
<errors>
</errors>
</robot>
