<?xml version="1.0" encoding="UTF-8"?>
<robot generator="Robot 5.0.1 (Python 3.10.5 on win32)" generated="20220715 19:52:34.324" rpa="false" schemaversion="3">
<suite id="s1" name="Cancel Edit Delete" source="C:\Games\тестовое\test-app\test_cases\web_form\cancel_edit_delete.robot">
<test id="s1-t1" name="click_cancel" line="10">
<kw name="Start TestCase" library="resources1" type="SETUP">
<kw name="Open Browser" library="SeleniumLibrary">
<arg>${url}</arg>
<arg>${browser_name}</arg>
<doc>Opens a new browser instance to the optional ``url``.</doc>
<msg timestamp="20220715 19:52:34.699" level="INFO">Opening browser 'Chrome' to base url 'http://localhost:8080/#/login'.</msg>
<status status="PASS" starttime="20220715 19:52:34.699" endtime="20220715 19:52:37.072"/>
</kw>
<kw name="Maximize Browser Window" library="SeleniumLibrary">
<doc>Maximizes current browser window.</doc>
<status status="PASS" starttime="20220715 19:52:37.072" endtime="20220715 19:52:37.198"/>
</kw>
<status status="PASS" starttime="20220715 19:52:34.699" endtime="20220715 19:52:37.198"/>
</kw>
<kw name="Login to Webpage" library="resources1">
<arg>${user}</arg>
<arg>${password}</arg>
<kw name="Input Text" library="SeleniumLibrary">
<arg>//*[@type='text']</arg>
<arg>${user_name}</arg>
<doc>Types the given ``text`` into the text field identified by ``locator``.</doc>
<msg timestamp="20220715 19:52:37.198" level="INFO">Typing text 'test' into text field '//*[@type='text']'.</msg>
<status status="PASS" starttime="20220715 19:52:37.198" endtime="20220715 19:52:37.300"/>
</kw>
<kw name="Input Password" library="SeleniumLibrary">
<arg>//*[@type='password']</arg>
<arg>${user_password}</arg>
<doc>Types the given password into the text field identified by ``locator``.</doc>
<msg timestamp="20220715 19:52:37.301" level="INFO">Typing password into text field '//*[@type='password']'.</msg>
<msg timestamp="20220715 19:52:37.335" level="INFO">Temporally setting log level to: NONE</msg>
<msg timestamp="20220715 19:52:37.400" level="INFO">Log level changed from NONE to INFO.</msg>
<status status="PASS" starttime="20220715 19:52:37.300" endtime="20220715 19:52:37.401"/>
</kw>
<kw name="Click Button" library="SeleniumLibrary">
<arg>//*[@class='md-button md-raised md-primary md-theme-default']</arg>
<doc>Clicks the button identified by ``locator``.</doc>
<msg timestamp="20220715 19:52:37.401" level="INFO">Clicking button '//*[@class='md-button md-raised md-primary md-theme-default']'.</msg>
<status status="PASS" starttime="20220715 19:52:37.401" endtime="20220715 19:52:37.481"/>
</kw>
<kw name="Sleep" library="BuiltIn">
<arg>1</arg>
<doc>Pauses the test executed for the given time.</doc>
<msg timestamp="20220715 19:52:38.496" level="INFO">Slept 1 second</msg>
<status status="PASS" starttime="20220715 19:52:37.481" endtime="20220715 19:52:38.496"/>
</kw>
<kw name="Location Should Be" library="SeleniumLibrary">
<arg>http://localhost:8080/#/home</arg>
<doc>Verifies that the current URL is exactly ``url``.</doc>
<msg timestamp="20220715 19:52:38.496" level="INFO">Current location is 'http://localhost:8080/#/home'.</msg>
<status status="PASS" starttime="20220715 19:52:38.496" endtime="20220715 19:52:38.496"/>
</kw>
<status status="PASS" starttime="20220715 19:52:37.198" endtime="20220715 19:52:38.496"/>
</kw>
<kw name="Journal Digital" library="resources1">
<arg>${norm_title5}</arg>
<arg>${norm_isbn}</arg>
<kw name="Click Button" library="SeleniumLibrary">
<arg>xpath:/html/body/div/div/button</arg>
<doc>Clicks the button identified by ``locator``.</doc>
<msg timestamp="20220715 19:52:38.496" level="INFO">Clicking button 'xpath:/html/body/div/div/button'.</msg>
<status status="PASS" starttime="20220715 19:52:38.496" endtime="20220715 19:52:38.597"/>
</kw>
<kw name="Input Text" library="SeleniumLibrary">
<arg>xpath:/html/body/div/div/div/main/div[2]/div/div[1]/div[1]/div[1]/input</arg>
<arg>${title}</arg>
<doc>Types the given ``text`` into the text field identified by ``locator``.</doc>
<msg timestamp="20220715 19:52:38.598" level="INFO">Typing text 'test_5' into text field 'xpath:/html/body/div/div/div/main/div[2]/div/div[1]/div[1]/div[1]/input'.</msg>
<status status="PASS" starttime="20220715 19:52:38.598" endtime="20220715 19:52:38.738"/>
</kw>
<kw name="Input Text" library="SeleniumLibrary">
<arg>xpath:/html/body/div/div/div/main/div[2]/div/div[1]/div[1]/div[2]/input</arg>
<arg>${isbn}</arg>
<doc>Types the given ``text`` into the text field identified by ``locator``.</doc>
<msg timestamp="20220715 19:52:38.739" level="INFO">Typing text '978-5-05-000140-2' into text field 'xpath:/html/body/div/div/div/main/div[2]/div/div[1]/div[1]/div[2]/input'.</msg>
<status status="PASS" starttime="20220715 19:52:38.739" endtime="20220715 19:52:38.960"/>
</kw>
<kw name="Click Button" library="SeleniumLibrary">
<arg>xpath:/html/body/div/div/div/main/div[2]/div/div[1]/div[1]/div[3]/div/input[1]</arg>
<doc>Clicks the button identified by ``locator``.</doc>
<msg timestamp="20220715 19:52:38.960" level="INFO">Clicking button 'xpath:/html/body/div/div/div/main/div[2]/div/div[1]/div[1]/div[3]/div/input[1]'.</msg>
<status status="PASS" starttime="20220715 19:52:38.960" endtime="20220715 19:52:39.043"/>
</kw>
<kw name="Click Button" library="SeleniumLibrary">
<arg>xpath:/html/body/div[2]/div/ul/li[2]/button</arg>
<doc>Clicks the button identified by ``locator``.</doc>
<msg timestamp="20220715 19:52:39.043" level="INFO">Clicking button 'xpath:/html/body/div[2]/div/ul/li[2]/button'.</msg>
<status status="PASS" starttime="20220715 19:52:39.043" endtime="20220715 19:52:39.132"/>
</kw>
<kw name="Sleep" library="BuiltIn">
<arg>1</arg>
<doc>Pauses the test executed for the given time.</doc>
<msg timestamp="20220715 19:52:40.142" level="INFO">Slept 1 second</msg>
<status status="PASS" starttime="20220715 19:52:39.132" endtime="20220715 19:52:40.142"/>
</kw>
<kw name="Click Button" library="SeleniumLibrary">
<arg>xpath:/html/body/div/div/div/main/div[2]/div/div[1]/div[1]/div[4]/div/input[1]</arg>
<doc>Clicks the button identified by ``locator``.</doc>
<msg timestamp="20220715 19:52:40.142" level="INFO">Clicking button 'xpath:/html/body/div/div/div/main/div[2]/div/div[1]/div[1]/div[4]/div/input[1]'.</msg>
<status status="PASS" starttime="20220715 19:52:40.142" endtime="20220715 19:52:40.213"/>
</kw>
<kw name="Click Button" library="SeleniumLibrary">
<arg>xpath:/html/body/div[2]/div/ul/li[2]/button</arg>
<doc>Clicks the button identified by ``locator``.</doc>
<msg timestamp="20220715 19:52:40.213" level="INFO">Clicking button 'xpath:/html/body/div[2]/div/ul/li[2]/button'.</msg>
<status status="PASS" starttime="20220715 19:52:40.213" endtime="20220715 19:52:40.288"/>
</kw>
<kw name="Sleep" library="BuiltIn">
<arg>1</arg>
<doc>Pauses the test executed for the given time.</doc>
<msg timestamp="20220715 19:52:41.292" level="INFO">Slept 1 second</msg>
<status status="PASS" starttime="20220715 19:52:40.289" endtime="20220715 19:52:41.292"/>
</kw>
<kw name="Click Button" library="SeleniumLibrary">
<arg>xpath:/html/body/div/div/div/main/div[2]/div/div[1]/div[2]/button[2]</arg>
<doc>Clicks the button identified by ``locator``.</doc>
<msg timestamp="20220715 19:52:41.292" level="INFO">Clicking button 'xpath:/html/body/div/div/div/main/div[2]/div/div[1]/div[2]/button[2]'.</msg>
<status status="PASS" starttime="20220715 19:52:41.292" endtime="20220715 19:52:41.368"/>
</kw>
<kw name="Sleep" library="BuiltIn">
<arg>1</arg>
<doc>Pauses the test executed for the given time.</doc>
<msg timestamp="20220715 19:52:42.377" level="INFO">Slept 1 second</msg>
<status status="PASS" starttime="20220715 19:52:41.369" endtime="20220715 19:52:42.377"/>
</kw>
<kw name="Click Button" library="SeleniumLibrary">
<arg>xpath:/html/body/div[2]/div/div[2]/button[2]</arg>
<doc>Clicks the button identified by ``locator``.</doc>
<msg timestamp="20220715 19:52:42.377" level="INFO">Clicking button 'xpath:/html/body/div[2]/div/div[2]/button[2]'.</msg>
<status status="PASS" starttime="20220715 19:52:42.377" endtime="20220715 19:52:42.448"/>
</kw>
<status status="PASS" starttime="20220715 19:52:38.496" endtime="20220715 19:52:42.449"/>
</kw>
<kw name="Cancel" library="resources1">
<kw name="Click Button" library="SeleniumLibrary">
<arg>//*[text()='add']/ancestor::button</arg>
<doc>Clicks the button identified by ``locator``.</doc>
<msg timestamp="20220715 19:52:42.451" level="INFO">Clicking button '//*[text()='add']/ancestor::button'.</msg>
<status status="PASS" starttime="20220715 19:52:42.450" endtime="20220715 19:52:42.892"/>
</kw>
<kw name="Click Button" library="SeleniumLibrary">
<arg>//*[text()='Cancel']/ancestor::button</arg>
<doc>Clicks the button identified by ``locator``.</doc>
<msg timestamp="20220715 19:52:42.892" level="INFO">Clicking button '//*[text()='Cancel']/ancestor::button'.</msg>
<status status="PASS" starttime="20220715 19:52:42.892" endtime="20220715 19:52:42.970"/>
</kw>
<status status="PASS" starttime="20220715 19:52:42.450" endtime="20220715 19:52:42.970"/>
</kw>
<kw name="Close Browser" library="SeleniumLibrary" type="TEARDOWN">
<doc>Closes the current browser.</doc>
<status status="PASS" starttime="20220715 19:52:42.971" endtime="20220715 19:52:45.154"/>
</kw>
<status status="PASS" starttime="20220715 19:52:34.699" endtime="20220715 19:52:45.154"/>
</test>
<status status="PASS" starttime="20220715 19:52:34.324" endtime="20220715 19:52:45.154"/>
</suite>
<statistics>
<total>
<stat pass="1" fail="0" skip="0">All Tests</stat>
</total>
<tag>
</tag>
<suite>
<stat pass="1" fail="0" skip="0" id="s1" name="Cancel Edit Delete">Cancel Edit Delete</stat>
</suite>
</statistics>
<errors>
</errors>
</robot>
