<?xml version="1.0" encoding="UTF-8"?>
<robot generator="Robot 5.0.1 (Python 3.10.5 on win32)" generated="20220715 19:18:43.391" rpa="false" schemaversion="3">
<suite id="s1" name="Logout" source="C:\Games\тестовое\test-app\test_cases\logout\logout.robot">
<test id="s1-t1" name="logout" line="9">
<kw name="Start TestCase" library="resources1" type="SETUP">
<kw name="Open Browser" library="SeleniumLibrary">
<arg>${url}</arg>
<arg>${browser_name}</arg>
<doc>Opens a new browser instance to the optional ``url``.</doc>
<msg timestamp="20220715 19:18:43.751" level="INFO">Opening browser 'Chrome' to base url 'http://localhost:8080/#/login'.</msg>
<status status="PASS" starttime="20220715 19:18:43.735" endtime="20220715 19:18:45.717"/>
</kw>
<kw name="Maximize Browser Window" library="SeleniumLibrary">
<doc>Maximizes current browser window.</doc>
<status status="PASS" starttime="20220715 19:18:45.718" endtime="20220715 19:18:45.850"/>
</kw>
<status status="PASS" starttime="20220715 19:18:43.735" endtime="20220715 19:18:45.850"/>
</kw>
<kw name="Login to Webpage" library="resources1">
<arg>${user}</arg>
<arg>${password}</arg>
<kw name="Input Text" library="SeleniumLibrary">
<arg>//*[@type='text']</arg>
<arg>${user_name}</arg>
<doc>Types the given ``text`` into the text field identified by ``locator``.</doc>
<msg timestamp="20220715 19:18:45.850" level="INFO">Typing text 'test' into text field '//*[@type='text']'.</msg>
<status status="PASS" starttime="20220715 19:18:45.850" endtime="20220715 19:18:45.973"/>
</kw>
<kw name="Input Password" library="SeleniumLibrary">
<arg>//*[@type='password']</arg>
<arg>${user_password}</arg>
<doc>Types the given password into the text field identified by ``locator``.</doc>
<msg timestamp="20220715 19:18:45.973" level="INFO">Typing password into text field '//*[@type='password']'.</msg>
<msg timestamp="20220715 19:18:46.040" level="INFO">Temporally setting log level to: NONE</msg>
<msg timestamp="20220715 19:18:46.104" level="INFO">Log level changed from NONE to INFO.</msg>
<status status="PASS" starttime="20220715 19:18:45.973" endtime="20220715 19:18:46.105"/>
</kw>
<kw name="Click Button" library="SeleniumLibrary">
<arg>//*[@class='md-button md-raised md-primary md-theme-default']</arg>
<doc>Clicks the button identified by ``locator``.</doc>
<msg timestamp="20220715 19:18:46.105" level="INFO">Clicking button '//*[@class='md-button md-raised md-primary md-theme-default']'.</msg>
<status status="PASS" starttime="20220715 19:18:46.105" endtime="20220715 19:18:46.184"/>
</kw>
<kw name="Sleep" library="BuiltIn">
<arg>1</arg>
<doc>Pauses the test executed for the given time.</doc>
<msg timestamp="20220715 19:18:47.185" level="INFO">Slept 1 second</msg>
<status status="PASS" starttime="20220715 19:18:46.184" endtime="20220715 19:18:47.185"/>
</kw>
<kw name="Location Should Be" library="SeleniumLibrary">
<arg>http://localhost:8080/#/home</arg>
<doc>Verifies that the current URL is exactly ``url``.</doc>
<msg timestamp="20220715 19:18:47.185" level="INFO">Current location is 'http://localhost:8080/#/home'.</msg>
<status status="PASS" starttime="20220715 19:18:47.185" endtime="20220715 19:18:47.185"/>
</kw>
<status status="PASS" starttime="20220715 19:18:45.850" endtime="20220715 19:18:47.185"/>
</kw>
<kw name="Logout" library="resources1">
<kw name="Click Button" library="SeleniumLibrary">
<arg>//*[@class='svg-inline--fa fa-sign-out-alt fa-w-16']/ancestor::button</arg>
<doc>Clicks the button identified by ``locator``.</doc>
<msg timestamp="20220715 19:18:47.185" level="INFO">Clicking button '//*[@class='svg-inline--fa fa-sign-out-alt fa-w-16']/ancestor::button'.</msg>
<status status="PASS" starttime="20220715 19:18:47.185" endtime="20220715 19:18:47.253"/>
</kw>
<kw name="Location Should Be" library="SeleniumLibrary">
<arg>http://localhost:8080/#/login</arg>
<doc>Verifies that the current URL is exactly ``url``.</doc>
<msg timestamp="20220715 19:18:47.274" level="INFO">Current location is 'http://localhost:8080/#/login'.</msg>
<status status="PASS" starttime="20220715 19:18:47.254" endtime="20220715 19:18:47.274"/>
</kw>
<status status="PASS" starttime="20220715 19:18:47.185" endtime="20220715 19:18:47.274"/>
</kw>
<kw name="Close Browser" library="SeleniumLibrary" type="TEARDOWN">
<doc>Closes the current browser.</doc>
<status status="PASS" starttime="20220715 19:18:47.275" endtime="20220715 19:18:49.431"/>
</kw>
<status status="PASS" starttime="20220715 19:18:43.735" endtime="20220715 19:18:49.431"/>
</test>
<status status="PASS" starttime="20220715 19:18:43.391" endtime="20220715 19:18:49.431"/>
</suite>
<statistics>
<total>
<stat pass="1" fail="0" skip="0">All Tests</stat>
</total>
<tag>
</tag>
<suite>
<stat pass="1" fail="0" skip="0" id="s1" name="Logout">Logout</stat>
</suite>
</statistics>
<errors>
</errors>
</robot>
