<?xml version="1.0" encoding="UTF-8"?>
<robot generator="Robot 5.0.1 (Python 3.10.5 on win32)" generated="20220717 00:36:43.228" rpa="false" schemaversion="3">
<suite id="s1" name="Logout" source="C:\Games\тестовое\test-app\test_cases\logout\logout.robot">
<test id="s1-t1" name="logout" line="11">
<kw name="Start TestCase" library="resources1" type="SETUP">
<kw name="Open Browser" library="SeleniumLibrary">
<arg>${url}</arg>
<arg>${browser_name}</arg>
<doc>Opens a new browser instance to the optional ``url``.</doc>
<msg timestamp="20220717 00:36:43.610" level="INFO">Opening browser 'Chrome' to base url 'http://localhost:8080/#/login'.</msg>
<status status="PASS" starttime="20220717 00:36:43.609" endtime="20220717 00:36:45.609"/>
</kw>
<kw name="Maximize Browser Window" library="SeleniumLibrary">
<doc>Maximizes current browser window.</doc>
<status status="PASS" starttime="20220717 00:36:45.610" endtime="20220717 00:36:45.752"/>
</kw>
<status status="PASS" starttime="20220717 00:36:43.608" endtime="20220717 00:36:45.753"/>
</kw>
<kw name="Login to Webpage" library="resources1">
<arg>${user}</arg>
<arg>${password}</arg>
<kw name="Input Text" library="SeleniumLibrary">
<arg>//*[@type='text']</arg>
<arg>${user_name}</arg>
<doc>Types the given ``text`` into the text field identified by ``locator``.</doc>
<msg timestamp="20220717 00:36:45.758" level="INFO">Typing text 'test' into text field '//*[@type='text']'.</msg>
<status status="PASS" starttime="20220717 00:36:45.756" endtime="20220717 00:36:45.881"/>
</kw>
<kw name="Input Password" library="SeleniumLibrary">
<arg>//*[@type='password']</arg>
<arg>${user_password}</arg>
<doc>Types the given password into the text field identified by ``locator``.</doc>
<msg timestamp="20220717 00:36:45.882" level="INFO">Typing password into text field '//*[@type='password']'.</msg>
<msg timestamp="20220717 00:36:45.937" level="INFO">Temporally setting log level to: NONE</msg>
<msg timestamp="20220717 00:36:45.999" level="INFO">Log level changed from NONE to INFO.</msg>
<status status="PASS" starttime="20220717 00:36:45.881" endtime="20220717 00:36:45.999"/>
</kw>
<kw name="Click Button" library="SeleniumLibrary">
<arg>//*[@class='md-button md-raised md-primary md-theme-default']</arg>
<doc>Clicks the button identified by ``locator``.</doc>
<msg timestamp="20220717 00:36:46.000" level="INFO">Clicking button '//*[@class='md-button md-raised md-primary md-theme-default']'.</msg>
<status status="PASS" starttime="20220717 00:36:46.000" endtime="20220717 00:36:46.076"/>
</kw>
<kw name="Wait Until Element Is Visible" library="SeleniumLibrary">
<arg>//*[text()='add']/ancestor::button</arg>
<doc>Waits until the element ``locator`` is visible.</doc>
<status status="PASS" starttime="20220717 00:36:46.077" endtime="20220717 00:36:46.317"/>
</kw>
<kw name="Location Should Be" library="SeleniumLibrary">
<arg>http://localhost:8080/#/home</arg>
<doc>Verifies that the current URL is exactly ``url``.</doc>
<msg timestamp="20220717 00:36:46.324" level="INFO">Current location is 'http://localhost:8080/#/home'.</msg>
<status status="PASS" starttime="20220717 00:36:46.317" endtime="20220717 00:36:46.324"/>
</kw>
<status status="PASS" starttime="20220717 00:36:45.754" endtime="20220717 00:36:46.324"/>
</kw>
<kw name="Logout" library="resources1">
<kw name="Click Button" library="SeleniumLibrary">
<arg>//*[@class='svg-inline--fa fa-sign-out-alt fa-w-16']/ancestor::button</arg>
<doc>Clicks the button identified by ``locator``.</doc>
<msg timestamp="20220717 00:36:46.325" level="INFO">Clicking button '//*[@class='svg-inline--fa fa-sign-out-alt fa-w-16']/ancestor::button'.</msg>
<status status="PASS" starttime="20220717 00:36:46.325" endtime="20220717 00:36:46.406"/>
</kw>
<kw name="Location Should Be" library="SeleniumLibrary">
<arg>http://localhost:8080/#/login</arg>
<doc>Verifies that the current URL is exactly ``url``.</doc>
<msg timestamp="20220717 00:36:46.437" level="INFO">Current location is 'http://localhost:8080/#/login'.</msg>
<status status="PASS" starttime="20220717 00:36:46.406" endtime="20220717 00:36:46.438"/>
</kw>
<status status="PASS" starttime="20220717 00:36:46.325" endtime="20220717 00:36:46.438"/>
</kw>
<kw name="Close Browser" library="SeleniumLibrary" type="TEARDOWN">
<doc>Closes the current browser.</doc>
<status status="PASS" starttime="20220717 00:36:46.439" endtime="20220717 00:36:48.620"/>
</kw>
<status status="PASS" starttime="20220717 00:36:43.607" endtime="20220717 00:36:48.620"/>
</test>
<status status="PASS" starttime="20220717 00:36:43.232" endtime="20220717 00:36:48.621"/>
</suite>
<statistics>
<total>
<stat pass="1" fail="0" skip="0">All Tests</stat>
</total>
<tag>
</tag>
<suite>
<stat pass="1" fail="0" skip="0" id="s1" name="Logout">Logout</stat>
</suite>
</statistics>
<errors>
</errors>
</robot>
